Virtual User Script started at: 29.10.2023 18:22:17
Starting action vuser_init.
Web Turbo Replay of LoadRunner 2021.0.0 for Windows 10; build 430 (янв 05 2021 19:27:22)  	[MsgId: MMSG-26983]
Run mode: HTML  	[MsgId: MMSG-26993]
Replay user agent: Mozilla/5.0 (Windows NT 10.0; Win64; x64; rv:109.0) Gecko/20100101 Firefox/119.0  	[MsgId: MMSG-26988]
Runtime Settings file: "C:\Users\Надя\OneDrive\Документы\VuGen\Scripts\UC_03_BuyTicket\\default.cfg"  	[MsgId: MMSG-27141]
Ending action vuser_init.
Running Vuser...
Starting iteration 1.
Maximum number of concurrent connections per server: 6  	[MsgId: MMSG-26989]
Starting action Action.
Action.c(4): Notify: Transaction "UC_03_BuyTicket" started.
Action.c(6): web_reg_find started  	[MsgId: MMSG-26355]
Action.c(6): Registering web_reg_find was successful  	[MsgId: MMSG-26390]
Action.c(9): web_add_auto_header("Sec-Fetch-Dest") started  	[MsgId: MMSG-26355]
Action.c(9): web_add_auto_header("Sec-Fetch-Dest") was successful  	[MsgId: MMSG-26392]
Action.c(12): web_add_auto_header("Sec-Fetch-Site") started  	[MsgId: MMSG-26355]
Action.c(12): web_add_auto_header("Sec-Fetch-Site") was successful  	[MsgId: MMSG-26392]
Action.c(15): web_add_auto_header("Sec-Fetch-Mode") started  	[MsgId: MMSG-26355]
Action.c(15): web_add_auto_header("Sec-Fetch-Mode") was successful  	[MsgId: MMSG-26392]
Action.c(18): web_add_auto_header("DNT") started  	[MsgId: MMSG-26355]
Action.c(18): web_add_auto_header("DNT") was successful  	[MsgId: MMSG-26392]
Action.c(21): web_add_auto_header("Sec-Fetch-User") started  	[MsgId: MMSG-26355]
Action.c(21): web_add_auto_header("Sec-Fetch-User") was successful  	[MsgId: MMSG-26392]
Action.c(24): web_add_auto_header("Upgrade-Insecure-Requests") started  	[MsgId: MMSG-26355]
Action.c(24): web_add_auto_header("Upgrade-Insecure-Requests") was successful  	[MsgId: MMSG-26392]
Action.c(28): web_reg_save_param_attrib started  	[MsgId: MMSG-26355]
Action.c(28): Registering web_reg_save_param_attrib was successful  	[MsgId: MMSG-26390]
Action.c(39): web_url("webtours") started  	[MsgId: MMSG-26355]
Action.c(39): Detected non-resource "http://localhost:1080/webtours/header.html" in "http://localhost:1080/webtours/"  	[MsgId: MMSG-26574]
Action.c(39): Detected non-resource "http://localhost:1080/cgi-bin/welcome.pl?signOff=true" in "http://localhost:1080/webtours/"  	[MsgId: MMSG-26574]
Action.c(39): Found resource "http://localhost:1080/webtours/images/hp_logo.png" in HTML "http://localhost:1080/webtours/header.html"  	[MsgId: MMSG-26659]
Action.c(39): Found resource "http://localhost:1080/webtours/images/webtours.png" in HTML "http://localhost:1080/webtours/header.html"  	[MsgId: MMSG-26659]
Action.c(39): Detected non-resource "http://localhost:1080/cgi-bin/nav.pl?in=home" in "http://localhost:1080/cgi-bin/welcome.pl?signOff=true"  	[MsgId: MMSG-26574]
Action.c(39): Detected non-resource "http://localhost:1080/WebTours/home.html" in "http://localhost:1080/cgi-bin/welcome.pl?signOff=true"  	[MsgId: MMSG-26574]
Action.c(39): Found resource "http://localhost:1080/WebTours/images/mer_login.gif" in HTML "http://localhost:1080/cgi-bin/nav.pl?in=home"  	[MsgId: MMSG-26659]
Action.c(39): Registered web_reg_find successful for "Text= A Session ID has been created and loaded into a cookie called MSO." (count=1)  	[MsgId: MMSG-26364]
Action.c(39): web_url("webtours") was successful, 10080 body bytes, 2371 header bytes, 24 chunking overhead bytes  	[MsgId: MMSG-26385]
Action.c(49): web_set_sockets_option started  	[MsgId: MMSG-26355]
Action.c(49): web_set_sockets_option was successful  	[MsgId: MMSG-26392]
Action.c(51): Notify: Transaction "login" started.
Action.c(53): web_reg_find started  	[MsgId: MMSG-26355]
Action.c(53): Registering web_reg_find was successful  	[MsgId: MMSG-26390]
Action.c(56): web_remove_auto_header("Sec-Fetch-User") started  	[MsgId: MMSG-26355]
Action.c(56): Previous automatically added web header for "Sec-Fetch-User" removed  	[MsgId: MMSG-26587]
Action.c(56): web_remove/revert_auto_header("Sec-Fetch-User") was successful  	[MsgId: MMSG-26392]
Action.c(58): web_add_auto_header("Sec-Fetch-Dest") started  	[MsgId: MMSG-26355]
Action.c(58): web_add_auto_header("Sec-Fetch-Dest") was successful  	[MsgId: MMSG-26392]
Action.c(61): web_remove_auto_header("Upgrade-Insecure-Requests") started  	[MsgId: MMSG-26355]
Action.c(61): Previous automatically added web header for "Upgrade-Insecure-Requests" removed  	[MsgId: MMSG-26587]
Action.c(61): web_remove/revert_auto_header("Upgrade-Insecure-Requests") was successful  	[MsgId: MMSG-26392]
Action.c(63): web_add_header("Origin") started  	[MsgId: MMSG-26355]
Action.c(63): web_add_header("Origin") was successful  	[MsgId: MMSG-26392]
Action.c(66): web_add_auto_header("Sec-Fetch-Site") started  	[MsgId: MMSG-26355]
Action.c(66): web_add_auto_header("Sec-Fetch-Site") was successful  	[MsgId: MMSG-26392]
Action.c(71): web_submit_data("login.pl") started  	[MsgId: MMSG-26355]
Action.c(71): Detected non-resource "http://localhost:1080/cgi-bin/nav.pl?page=menu&in=home" in "http://localhost:1080/cgi-bin/login.pl"  	[MsgId: MMSG-26574]
Action.c(71): Detected non-resource "http://localhost:1080/cgi-bin/login.pl?intro=true" in "http://localhost:1080/cgi-bin/login.pl"  	[MsgId: MMSG-26574]
Action.c(71): Found resource "http://localhost:1080/WebTours/images/flights.gif" in HTML "http://localhost:1080/cgi-bin/nav.pl?page=menu&in=home"  	[MsgId: MMSG-26659]
Action.c(71): Found resource "http://localhost:1080/WebTours/images/itinerary.gif" in HTML "http://localhost:1080/cgi-bin/nav.pl?page=menu&in=home"  	[MsgId: MMSG-26659]
Action.c(71): Found resource "http://localhost:1080/WebTours/images/in_home.gif" in HTML "http://localhost:1080/cgi-bin/nav.pl?page=menu&in=home"  	[MsgId: MMSG-26659]
Action.c(71): Found resource "http://localhost:1080/WebTours/images/signoff.gif" in HTML "http://localhost:1080/cgi-bin/nav.pl?page=menu&in=home"  	[MsgId: MMSG-26659]
Action.c(71): Registered web_reg_find successful for "Text=Welcome, <b>dart</b>, to the Web Tours reservation pages." (count=1)  	[MsgId: MMSG-26364]
Action.c(71): web_submit_data("login.pl") was successful, 5779 body bytes, 2069 header bytes, 36 chunking overhead bytes  	[MsgId: MMSG-26385]
Action.c(88): Notify: Transaction "login" ended with a "Pass" status (Duration: 0.5879 Wasted Time: 0.0313).
Action.c(90): Notify: Transaction "choose_flight" started.
Action.c(92): web_reg_find started  	[MsgId: MMSG-26355]
Action.c(92): Registering web_reg_find was successful  	[MsgId: MMSG-26390]
Action.c(95): web_add_auto_header("Sec-Fetch-User") started  	[MsgId: MMSG-26355]
Action.c(95): web_add_auto_header("Sec-Fetch-User") was successful  	[MsgId: MMSG-26392]
Action.c(98): web_add_auto_header("Upgrade-Insecure-Requests") started  	[MsgId: MMSG-26355]
Action.c(98): web_add_auto_header("Upgrade-Insecure-Requests") was successful  	[MsgId: MMSG-26392]
Action.c(103): web_url("Search Flights Button") started  	[MsgId: MMSG-26355]
Action.c(103): Detected non-resource "http://localhost:1080/cgi-bin/nav.pl?page=menu&in=flights" in "http://localhost:1080/cgi-bin/welcome.pl?page=search"  	[MsgId: MMSG-26574]
Action.c(103): Detected non-resource "http://localhost:1080/cgi-bin/reservations.pl?page=welcome" in "http://localhost:1080/cgi-bin/welcome.pl?page=search"  	[MsgId: MMSG-26574]
Action.c(103): Found resource "http://localhost:1080/WebTours/images/in_flights.gif" in HTML "http://localhost:1080/cgi-bin/nav.pl?page=menu&in=flights"  	[MsgId: MMSG-26659]
Action.c(103): Resource "http://localhost:1080/WebTours/images/itinerary.gif" is in the cache already and will not be downloaded again  	[MsgId: MMSG-26655]
Action.c(103): Found resource "http://localhost:1080/WebTours/images/home.gif" in HTML "http://localhost:1080/cgi-bin/nav.pl?page=menu&in=flights"  	[MsgId: MMSG-26659]
Action.c(103): Resource "http://localhost:1080/WebTours/images/signoff.gif" is in the cache already and will not be downloaded again  	[MsgId: MMSG-26655]
Action.c(103): Found resource "http://localhost:1080/WebTours/images/button_next.gif" in HTML "http://localhost:1080/cgi-bin/reservations.pl?page=welcome"  	[MsgId: MMSG-26659]
Action.c(103): Registered web_reg_find successful for "Text= User has returned to the search page." (count=1)  	[MsgId: MMSG-26364]
Action.c(103): web_url("Search Flights Button") was successful, 8516 body bytes, 1616 header bytes, 43 chunking overhead bytes  	[MsgId: MMSG-26385]
Action.c(113): Notify: Transaction "choose_flight" ended with a "Pass" status (Duration: 0.3314 Wasted Time: 0.0119).
Action.c(115): Notify: Transaction "flight_detail" started.
Action.c(117): web_reg_find started  	[MsgId: MMSG-26355]
Action.c(117): Registering web_reg_find was successful  	[MsgId: MMSG-26390]
Action.c(120): web_add_auto_header("Origin") started  	[MsgId: MMSG-26355]
Action.c(120): web_add_auto_header("Origin") was successful  	[MsgId: MMSG-26392]
Action.c(126): web_reg_save_param_attrib started  	[MsgId: MMSG-26355]
Action.c(126): Registering web_reg_save_param_attrib was successful  	[MsgId: MMSG-26390]
Action.c(136): web_submit_data("reservations.pl") started  	[MsgId: MMSG-26355]
Action.c(136): Resource "http://localhost:1080/WebTours/images/button_next.gif" is in the cache already and will not be downloaded again  	[MsgId: MMSG-26655]
Action.c(136): Registered web_reg_find successful for "Text=Flight departing from <B>Moscow</B> to <B>Frankfurt</B> " (count=1)  	[MsgId: MMSG-26364]
Action.c(136): web_submit_data("reservations.pl") was successful, 2434 body bytes, 255 header bytes, 12 chunking overhead bytes  	[MsgId: MMSG-26385]
Action.c(160): Notify: Transaction "flight_detail" ended with a "Pass" status (Duration: 0.2022 Wasted Time: 0.0119).
Action.c(164): Notify: Transaction "departure_time" started.
Action.c(166): web_reg_find started  	[MsgId: MMSG-26355]
Action.c(166): Registering web_reg_find was successful  	[MsgId: MMSG-26390]
Action.c(169): web_submit_data("reservations.pl_2") started  	[MsgId: MMSG-26355]
Action.c(169): Resource "http://localhost:1080/WebTours/images/button_next.gif" is in the cache already and will not be downloaded again  	[MsgId: MMSG-26655]
Action.c(169): Registered web_reg_find successful for "Text=Credit Card" (count=2)  	[MsgId: MMSG-26364]
Action.c(169): web_submit_data("reservations.pl_2") was successful, 2780 body bytes, 255 header bytes, 12 chunking overhead bytes  	[MsgId: MMSG-26385]
Action.c(187): Notify: Transaction "departure_time" ended with a "Pass" status (Duration: 0.1587 Wasted Time: 0.0078).
Action.c(189): Notify: Transaction "ticket_payment" started.
Action.c(191): web_reg_find started  	[MsgId: MMSG-26355]
Action.c(191): Registering web_reg_find was successful  	[MsgId: MMSG-26390]
Action.c(194): web_remove_auto_header("Origin") started  	[MsgId: MMSG-26355]
Action.c(194): Previous automatically added web header for "Origin" removed  	[MsgId: MMSG-26587]
Action.c(194): web_remove/revert_auto_header("Origin") was successful  	[MsgId: MMSG-26392]
Action.c(196): web_remove_auto_header("Sec-Fetch-User") started  	[MsgId: MMSG-26355]
Action.c(196): Previous automatically added web header for "Sec-Fetch-User" removed  	[MsgId: MMSG-26587]
Action.c(196): web_remove/revert_auto_header("Sec-Fetch-User") was successful  	[MsgId: MMSG-26392]
Action.c(198): web_remove_auto_header("Upgrade-Insecure-Requests") started  	[MsgId: MMSG-26355]
Action.c(198): Previous automatically added web header for "Upgrade-Insecure-Requests" removed  	[MsgId: MMSG-26587]
Action.c(198): web_remove/revert_auto_header("Upgrade-Insecure-Requests") was successful  	[MsgId: MMSG-26392]
Action.c(200): web_add_auto_header("Origin") started  	[MsgId: MMSG-26355]
Action.c(200): web_add_auto_header("Origin") was successful  	[MsgId: MMSG-26392]
Action.c(203): web_submit_data("reservations.pl_3") started  	[MsgId: MMSG-26355]
Action.c(203): Found resource "http://localhost:1080/WebTours/images/bookanother.gif" in HTML "http://localhost:1080/cgi-bin/reservations.pl"  	[MsgId: MMSG-26659]
Action.c(203): Registered web_reg_find successful for "Text=Thank you for booking through Web Tours." (count=1)  	[MsgId: MMSG-26364]
Action.c(203): web_submit_data("reservations.pl_3") was successful, 3290 body bytes, 718 header bytes, 12 chunking overhead bytes  	[MsgId: MMSG-26385]
Action.c(233): Notify: Transaction "ticket_payment" ended with a "Pass" status (Duration: 0,2233 Wasted Time: 0,0094).
Action.c(235): Notify: Transaction "choose_flight" started.
Action.c(237): web_reg_find started  	[MsgId: MMSG-26355]
Action.c(237): Registering web_reg_find was successful  	[MsgId: MMSG-26390]
Action.c(241): web_add_auto_header("Sec-Fetch-User") started  	[MsgId: MMSG-26355]
Action.c(241): web_add_auto_header("Sec-Fetch-User") was successful  	[MsgId: MMSG-26392]
Action.c(244): web_add_auto_header("Upgrade-Insecure-Requests") started  	[MsgId: MMSG-26355]
Action.c(244): web_add_auto_header("Upgrade-Insecure-Requests") was successful  	[MsgId: MMSG-26392]
Action.c(249): web_submit_data("reservations.pl_4") started  	[MsgId: MMSG-26355]
Action.c(249): Resource "http://localhost:1080/WebTours/images/button_next.gif" is in the cache already and will not be downloaded again  	[MsgId: MMSG-26655]
Action.c(249): Registered web_reg_find successful for "Text=Find Flight" (count=1)  	[MsgId: MMSG-26364]
Action.c(249): web_submit_data("reservations.pl_4") was successful, 4246 body bytes, 255 header bytes, 19 chunking overhead bytes  	[MsgId: MMSG-26385]
Action.c(262): Notify: Transaction "choose_flight" ended with a "Pass" status (Duration: 0.5234 Wasted Time: 0.0089).
Action.c(264): Notify: Transaction "logout" started.
Action.c(266): web_reg_find started  	[MsgId: MMSG-26355]
Action.c(266): Registering web_reg_find was successful  	[MsgId: MMSG-26390]
Action.c(270): web_remove_auto_header("Origin") started  	[MsgId: MMSG-26355]
Action.c(270): Previous automatically added web header for "Origin" removed  	[MsgId: MMSG-26587]
Action.c(270): web_remove/revert_auto_header("Origin") was successful  	[MsgId: MMSG-26392]
Action.c(272): web_remove_auto_header("Sec-Fetch-User") started  	[MsgId: MMSG-26355]
Action.c(272): Previous automatically added web header for "Sec-Fetch-User" removed  	[MsgId: MMSG-26587]
Action.c(272): web_remove/revert_auto_header("Sec-Fetch-User") was successful  	[MsgId: MMSG-26392]
Action.c(274): web_url("SignOff Button") started  	[MsgId: MMSG-26355]
Action.c(274): Detected non-resource "http://localhost:1080/cgi-bin/nav.pl?in=home" in "http://localhost:1080/cgi-bin/welcome.pl?signOff=1"  	[MsgId: MMSG-26574]
Action.c(274): Detected non-resource "http://localhost:1080/WebTours/home.html" in "http://localhost:1080/cgi-bin/welcome.pl?signOff=1"  	[MsgId: MMSG-26574]
Action.c(274): Retrieving data from cache for "http://localhost:1080/WebTours/home.html"  	[MsgId: MMSG-26558]
Action.c(274): Resource "http://localhost:1080/WebTours/images/mer_login.gif" is in the cache already and will not be downloaded again  	[MsgId: MMSG-26655]
Action.c(274): Registered web_reg_find successful for "Text=Welcome to the Web Tours site." (count=1)  	[MsgId: MMSG-26364]
Action.c(274): web_url("SignOff Button") was successful, 2174 body bytes, 582 header bytes, 24 chunking overhead bytes  	[MsgId: MMSG-26385]
Action.c(284): Notify: Transaction "logout" ended with a "Pass" status (Duration: 0,2695 Wasted Time: 0,0095).
Action.c(286): Notify: Transaction "UC_03_BuyTicket" ended with a "Pass" status (Duration: 2,8967 Wasted Time: 0,2489).
Ending action Action.
Ending iteration 1.
Ending Vuser...
Starting action vuser_end.
Ending action vuser_end.
Vuser Terminated.
