Virtual User Script started at: 29.10.2023 17:40:20
Starting action vuser_init.
Web Turbo Replay of LoadRunner 2021.0.0 for Windows 10; build 430 (янв 05 2021 19:27:22)  	[MsgId: MMSG-26983]
Run mode: HTML  	[MsgId: MMSG-26993]
Replay user agent: Mozilla/5.0 (Windows NT 10.0; Win64; x64) AppleWebKit/537.36 (KHTML, like Gecko) Chrome/108.0.0.0 Safari/537.36  	[MsgId: MMSG-26988]
Runtime Settings file: "C:\Users\Надя\OneDrive\Документы\VuGen\Scripts\UC_05_DeletingTicket\\default.cfg"  	[MsgId: MMSG-27141]
Ending action vuser_init.
Running Vuser...
Starting iteration 1.
Maximum number of concurrent connections per server: 6  	[MsgId: MMSG-26989]
Starting action Action.
Action.c(4): Notify: Transaction "UC_05_DeletingTicket" started.
Action.c(6): Notify: Transaction "open_site" started.
Action.c(8): web_reg_find started  	[MsgId: MMSG-26355]
Action.c(8): Registering web_reg_find was successful  	[MsgId: MMSG-26390]
Action.c(12): web_set_sockets_option started  	[MsgId: MMSG-26355]
Action.c(12): web_set_sockets_option was successful  	[MsgId: MMSG-26392]
Action.c(14): web_add_auto_header("Sec-Fetch-Dest") started  	[MsgId: MMSG-26355]
Action.c(14): web_add_auto_header("Sec-Fetch-Dest") was successful  	[MsgId: MMSG-26392]
Action.c(17): web_add_auto_header("Sec-Fetch-Mode") started  	[MsgId: MMSG-26355]
Action.c(17): web_add_auto_header("Sec-Fetch-Mode") was successful  	[MsgId: MMSG-26392]
Action.c(20): web_add_auto_header("Sec-Fetch-Site") started  	[MsgId: MMSG-26355]
Action.c(20): web_add_auto_header("Sec-Fetch-Site") was successful  	[MsgId: MMSG-26392]
Action.c(23): web_add_auto_header("Upgrade-Insecure-Requests") started  	[MsgId: MMSG-26355]
Action.c(23): web_add_auto_header("Upgrade-Insecure-Requests") was successful  	[MsgId: MMSG-26392]
Action.c(26): web_add_auto_header("sec-ch-ua") started  	[MsgId: MMSG-26355]
Action.c(26): web_add_auto_header("sec-ch-ua") was successful  	[MsgId: MMSG-26392]
Action.c(29): web_add_auto_header("sec-ch-ua-mobile") started  	[MsgId: MMSG-26355]
Action.c(29): web_add_auto_header("sec-ch-ua-mobile") was successful  	[MsgId: MMSG-26392]
Action.c(32): web_add_auto_header("sec-ch-ua-platform") started  	[MsgId: MMSG-26355]
Action.c(32): web_add_auto_header("sec-ch-ua-platform") was successful  	[MsgId: MMSG-26392]
Action.c(35): web_url("welcome.pl") started  	[MsgId: MMSG-26355]
Action.c(35): Detected non-resource "http://localhost:1080/cgi-bin/nav.pl?in=home" in "http://localhost:1080/cgi-bin/welcome.pl?signOff=true"  	[MsgId: MMSG-26574]
Action.c(35): Detected non-resource "http://localhost:1080/WebTours/home.html" in "http://localhost:1080/cgi-bin/welcome.pl?signOff=true"  	[MsgId: MMSG-26574]
Action.c(35): Found resource "http://localhost:1080/WebTours/images/mer_login.gif" in HTML "http://localhost:1080/cgi-bin/nav.pl?in=home"  	[MsgId: MMSG-26659]
Action.c(35): Registered web_reg_find successful for "Text=Welcome to the Web Tours site." (count=1)  	[MsgId: MMSG-26364]
Action.c(35): web_url("welcome.pl") was successful, 4212 body bytes, 1180 header bytes, 24 chunking overhead bytes  	[MsgId: MMSG-26385]
Action.c(44): Notify: Transaction "open_site" ended with a "Pass" status (Duration: 0.5212 Wasted Time: 0.1486).
Action.c(46): Notify: Transaction "login" started.
Action.c(48): web_reg_find started  	[MsgId: MMSG-26355]
Action.c(48): Registering web_reg_find was successful  	[MsgId: MMSG-26390]
Action.c(52): web_add_header("Origin") started  	[MsgId: MMSG-26355]
Action.c(52): web_add_header("Origin") was successful  	[MsgId: MMSG-26392]
Action.c(55): web_add_auto_header("Sec-Fetch-User") started  	[MsgId: MMSG-26355]
Action.c(55): web_add_auto_header("Sec-Fetch-User") was successful  	[MsgId: MMSG-26392]
Action.c(60): web_submit_form("login.pl") started  	[MsgId: MMSG-26355]
Action.c(60): Submitting form to "http://localhost:1080/cgi-bin/login.pl", Target Frame="body"  	[MsgId: MMSG-27978]
Action.c(60): Detected non-resource "http://localhost:1080/cgi-bin/nav.pl?page=menu&in=home" in "http://localhost:1080/cgi-bin/login.pl"  	[MsgId: MMSG-26574]
Action.c(60): Detected non-resource "http://localhost:1080/cgi-bin/login.pl?intro=true" in "http://localhost:1080/cgi-bin/login.pl"  	[MsgId: MMSG-26574]
Action.c(60): Found resource "http://localhost:1080/WebTours/images/flights.gif" in HTML "http://localhost:1080/cgi-bin/nav.pl?page=menu&in=home"  	[MsgId: MMSG-26659]
Action.c(60): Found resource "http://localhost:1080/WebTours/images/itinerary.gif" in HTML "http://localhost:1080/cgi-bin/nav.pl?page=menu&in=home"  	[MsgId: MMSG-26659]
Action.c(60): Found resource "http://localhost:1080/WebTours/images/in_home.gif" in HTML "http://localhost:1080/cgi-bin/nav.pl?page=menu&in=home"  	[MsgId: MMSG-26659]
Action.c(60): Found resource "http://localhost:1080/WebTours/images/signoff.gif" in HTML "http://localhost:1080/cgi-bin/nav.pl?page=menu&in=home"  	[MsgId: MMSG-26659]
Action.c(60): Registered web_reg_find successful for "Text=Welcome, <b>dart</b>, to the Web Tours reservation pages." (count=1)  	[MsgId: MMSG-26364]
Action.c(60): web_submit_form("login.pl") was successful, 5779 body bytes, 2070 header bytes, 36 chunking overhead bytes  	[MsgId: MMSG-26385]
Action.c(67): Notify: Transaction "login" ended with a "Pass" status (Duration: 0.2928 Wasted Time: 0.0127).
Action.c(71): Notify: Transaction "itinerary" started.
Action.c(74): web_reg_find started  	[MsgId: MMSG-26355]
Action.c(74): Registering web_reg_find was successful  	[MsgId: MMSG-26390]
Action.c(78): web_remove_auto_header("Sec-Fetch-User") started  	[MsgId: MMSG-26355]
Action.c(78): Previous automatically added web header for "Sec-Fetch-User" removed  	[MsgId: MMSG-26587]
Action.c(78): web_remove/revert_auto_header("Sec-Fetch-User") was successful  	[MsgId: MMSG-26392]
Action.c(82): web_reg_save_param started  	[MsgId: MMSG-26355]
Action.c(82): Registering web_reg_save_param was successful  	[MsgId: MMSG-26390]
Action.c(88): web_image("Itinerary Button") started  	[MsgId: MMSG-26355]
Action.c(88): Image-linking to "http://localhost:1080/cgi-bin/welcome.pl?page=itinerary", Target Frame="body"  	[MsgId: MMSG-27993]
Action.c(88): Detected non-resource "http://localhost:1080/cgi-bin/nav.pl?page=menu&in=itinerary" in "http://localhost:1080/cgi-bin/welcome.pl?page=itinerary"  	[MsgId: MMSG-26574]
Action.c(88): Detected non-resource "http://localhost:1080/cgi-bin/itinerary.pl" in "http://localhost:1080/cgi-bin/welcome.pl?page=itinerary"  	[MsgId: MMSG-26574]
Action.c(88): Resource "http://localhost:1080/WebTours/images/flights.gif" is in the cache already and will not be downloaded again  	[MsgId: MMSG-26655]
Action.c(88): Found resource "http://localhost:1080/WebTours/images/in_itinerary.gif" in HTML "http://localhost:1080/cgi-bin/nav.pl?page=menu&in=itinerary"  	[MsgId: MMSG-26659]
Action.c(88): Found resource "http://localhost:1080/WebTours/images/home.gif" in HTML "http://localhost:1080/cgi-bin/nav.pl?page=menu&in=itinerary"  	[MsgId: MMSG-26659]
Action.c(88): Resource "http://localhost:1080/WebTours/images/signoff.gif" is in the cache already and will not be downloaded again  	[MsgId: MMSG-26655]
Action.c(88): Found resource "http://localhost:1080/WebTours/images/cancelreservation.gif" in HTML "http://localhost:1080/cgi-bin/itinerary.pl"  	[MsgId: MMSG-26659]
Action.c(88): Found resource "http://localhost:1080/WebTours/images/cancelallreservations.gif" in HTML "http://localhost:1080/cgi-bin/itinerary.pl"  	[MsgId: MMSG-26659]
Action.c(88): Registered web_reg_find successful for "Text=Invoice sent to:" (count=83)  	[MsgId: MMSG-26364]
Action.c(88): web_image("Itinerary Button") was successful, 101783 body bytes, 1913 header bytes, 219 chunking overhead bytes  	[MsgId: MMSG-26385]
Action.c(93): Notify: Transaction "itinerary" ended with a "Pass" status (Duration: 0,3435 Wasted Time: 0,0170).
Action.c(95): Notify: Transaction "removal" started.
Action.c(98): web_add_header("Origin") started  	[MsgId: MMSG-26355]
Action.c(98): web_add_header("Origin") was successful  	[MsgId: MMSG-26392]
Action.c(101): web_add_auto_header("Sec-Fetch-User") started  	[MsgId: MMSG-26355]
Action.c(101): web_add_auto_header("Sec-Fetch-User") was successful  	[MsgId: MMSG-26392]
Action.c(106): web_reg_find started  	[MsgId: MMSG-26355]
Action.c(106): Registering web_reg_find was successful  	[MsgId: MMSG-26390]
Action.c(110): web_submit_form("itinerary.pl") started  	[MsgId: MMSG-26355]
Action.c(110): Submitting form to "http://localhost:1080/cgi-bin/itinerary.pl", Target Frame=""  	[MsgId: MMSG-27978]
Action.c(110): Resource "http://localhost:1080/WebTours/images/cancelreservation.gif" is in the cache already and will not be downloaded again  	[MsgId: MMSG-26655]
Action.c(110): Resource "http://localhost:1080/WebTours/images/cancelallreservations.gif" is in the cache already and will not be downloaded again  	[MsgId: MMSG-26655]
Action.c(110): Registered web_reg_find successful for "Text=21030055-807-DV"  	[MsgId: MMSG-26362]
Action.c(110): web_submit_form("itinerary.pl") was successful, 95578 body bytes, 255 header bytes, 195 chunking overhead bytes  	[MsgId: MMSG-26385]
Action.c(118): Notify: Transaction "removal" ended with a "Pass" status (Duration: 0,3123 Wasted Time: 0,0131).
Action.c(121): Notify: Transaction "logout" started.
Action.c(123): web_reg_find started  	[MsgId: MMSG-26355]
Action.c(123): Registering web_reg_find was successful  	[MsgId: MMSG-26390]
Action.c(127): web_add_header("Sec-Fetch-User") started  	[MsgId: MMSG-26355]
Action.c(127): web_add_header("Sec-Fetch-User") was successful  	[MsgId: MMSG-26392]
Action.c(132): web_image("SignOff Button") started  	[MsgId: MMSG-26355]
Action.c(132): Image-linking to "http://localhost:1080/cgi-bin/welcome.pl?signOff=1", Target Frame="body"  	[MsgId: MMSG-27993]
Action.c(132): Detected non-resource "http://localhost:1080/cgi-bin/nav.pl?in=home" in "http://localhost:1080/cgi-bin/welcome.pl?signOff=1"  	[MsgId: MMSG-26574]
Action.c(132): Detected non-resource "http://localhost:1080/WebTours/home.html" in "http://localhost:1080/cgi-bin/welcome.pl?signOff=1"  	[MsgId: MMSG-26574]
Action.c(132): Retrieving data from cache for "http://localhost:1080/WebTours/home.html"  	[MsgId: MMSG-26558]
Action.c(132): Resource "http://localhost:1080/WebTours/images/mer_login.gif" is in the cache already and will not be downloaded again  	[MsgId: MMSG-26655]
Action.c(132): Registered web_reg_find successful for "Text=Welcome to the Web Tours site." (count=1)  	[MsgId: MMSG-26364]
Action.c(132): web_image("SignOff Button") was successful, 2174 body bytes, 582 header bytes, 24 chunking overhead bytes  	[MsgId: MMSG-26385]
Action.c(137): Notify: Transaction "logout" ended with a "Pass" status (Duration: 0,2507 Wasted Time: 0,0088).
Action.c(139): Notify: Transaction "UC_05_DeletingTicket" ended with a "Pass" status (Duration: 1,8126 Wasted Time: 0,2001).
Ending action Action.
Ending iteration 1.
Ending Vuser...
Starting action vuser_end.
Ending action vuser_end.
Vuser Terminated.
