Start auto log messages stack - Iteration 35.	[MsgId: MMSG-10545]
Action.c(110):               <br/>\n
Action.c(110):               Total Charge: $ 287 <BR/> (CC: x-2390)\n
Action.c(110):           </td> </tr> </table>\n
Action.c(110):           </center>\n
Action.c(110):       </TD>\n
Action.c(110):     </TR>\n
Action.c(110):     <TR bgcolor="#EFF2F7">\n
Action.c(110):       <TD COLSPAN="3">\n
Action.c(110):       <b>Flight Details:</b><BR/>  <center>\n
Action.c(110):       03/04/2023\n
Action.c(110):      :  8am : Flight 190 leaves Frankfurt  for Zurich.<br>  </center>\n
Action.c(110):       </TD>\n
Action.c(110):     </TR>\n
Action.c(110):     \n
Action.c(110):     <TR bgcolor="#EFF2F7">\n
Action.c(110):       <TD COLSPAN="4">\n
Action.c(110):       <hr/>\n
Action.c(110):       </TD>\n
Action.c(110):     </TR>\n
Action.c(110):     \n
Action.c(110):     <!-- Flight #1 -->\n
Action.c(110):     <TR bgcolor="#EFF2F7">\n
Action.c(110):       <TD width="5%" rowspan="2" align="left" valign="top">\n
Action.c(110):     <b>\n
Action.c(110):     <label><input type="checkbox" name="28" value="on" /></label></font></b>\n
Action.c(110):     <input type="hidden" name="flightID" value="885388-215-LL"  />\n
Action.c(110):       </TD>\n
Action.c(110):       <TD width="45%" valign="top">\n
Action.c(110):           <b>&nbsp;&nbsp;5 First class tickets for :</b><br/>\n
Action.c(110):           <center><table border="0" width="85%"><tr><td>\n
Action.c(110):           <li><i>LunaLovegood      <li><i>LunaLovegood      <li><i>LunaLovegood      <li><i>  
Action.c(110):         <li><i>\n
Action.c(110):           <li><i></i>\n
Action.c(110):           </td></tr></table></center>\n
Action.c(110):       </TD>\n
Action.c(110):       <TD width="5%" >.<br/>.<br/>.<br/>.</TD>\n
Action.c(110):       <TD width="45%" valign=top><b>Invoice sent to:</b><br/>\n
Action.c(110):           <center>\n
Action.c(110):           <Table width="80%" cellspacing="0" > <tr> <td>\n
Action.c(110):               Luna Lovegood\n
Action.c(110):     <br/>\n
Action.c(110):               Ottery<br/>\n
Action.c(110):               Devonian<br/>\n
Action.c(110):               <br/>\n
Action.c(110):               Total Charge: $ 0 <BR/> (CC: x-2390)\n
Action.c(110):           </td> </tr> </table>\n
Action.c(110):           </center>\n
Action.c(110):       </TD>\n
Action.c(110):     </TR>\n
Action.c(110):     <TR bgcolor="#EFF2F7">\n
Action.c(110):       <TD COLSPAN="3">\n
Action.c(110):       <b>Flight Details:</b><BR/>  <center>\n
Action.c(110):       03/04/2023\n
Action.c(110):      :  8am : Flight 550 leaves Portland  for Portland.<br>  </center>\n
Action.c(110):       </TD>\n
Action.c(110):     </TR>\n
Action.c(110):     \n
Action.c(110):     <TR bgcolor="#EFF2F7">\n
Action.c(110):       <TD COLSPAN="4">\n
Action.c(110):       <hr/>\n
Action.c(110):       </TD>\n
Action.c(110):     </TR>\n
Action.c(110):     \n
Action.c(110):     <!-- Flight #1 -->\n
Action.c(110):     <TR bgcolor="#EFF2F7">\n
Action.c(110):       <TD width="5%" rowspan="2" align="left" valign="top">\n
Action.c(110):     <b>\n
Action.c(110):     <label><input type="checkbox" name="29" value="on" /></label></font></b>\n
Action.c(110):     <input type="hidden" name="flightID" value="88540395-223231-LL"  />\n
Action.c(110):       </TD>\n
Action.c(110):       <TD width="45%" valign="top">\n
Action.c(110):           <b>&nbsp;&nbsp;3 Business class tickets for :</b><br/>\n
Action.c(110):           <center><table border="0" width="85%"><tr><td>\n
Action.c(110):           <li><i>LunaLovegood      <li><i>LunaLovegood      <li><i>LunaLovegood\n
Action.c(110):           <li><i></i>\n
Action.c(110):           </td></tr></table></center>\n
Action.c(110):       </TD>\n
Action.c(110):       <TD width="5%" >.<br/>.<br/>.<br/>.</TD>\n
Action.c(110):       <TD width="45%" valign=top><b>Invoice sent to:</b><br/>\n
Action.c(110):           <center>\n
Action.c(110):           <Table width="80%" cellspacing="0" > <tr> <td>\n
Action.c(110):               Luna Lovegood\n
Action.c(110):     <br/>\n
Action.c(110):               Ottery<br/>\n
Action.c(110):               Devonian<br/>\n
Action.c(110):               <br/>\n
Action.c(110):               Total Charge: $ 2007 <BR/> (CC: x-2390)\n
Action.c(110):           </td> </tr> </table>\n
Action.c(110):           </center>\n
Action.c(110):       </TD>\n
Action.c(110):     </TR>\n
Action.c(110):     <TR bgcolor="#EFF2F7">\n
Action.c(110):       <TD COLSPAN="3">\n
Action.c(110):       <b>Flight Details:</b><BR/>  <center>\n
Action.c(110):       03/04/2023\n
Action.c(110):      :  8am : Flight 590 leaves Portland  for Zurich.<br>  </center>\n
Action.c(110):       </TD>\n
Action.c(110):     </TR>\n
Action.c(110):     \n
Action.c(110):     <TR bgcolor="#EFF2F7">\n
Action.c(110):       <TD COLSPAN="4">\n
Action.c(110):       <hr/>\n
Action.c(110):       </TD>\n
Action.c(110):     </TR>\n
Action.c(110):     \n
Action.c(110):     <!-- Flight #1 -->\n
Action.c(110):     <TR bgcolor="#EFF2F7">\n
Action.c(110):       <TD width="5%" rowspan="2" align="left" valign="top">\n
Action.c(110):     <b>\n
Action.c(110):     <label><input type="checkbox" name="30" value="on" /></label></font></b>\n
Action.c(110):     <input type="hidden" name="flightID" value="885363039-231247-LL"  />\n
Action.c(110):       </TD>\n
Action.c(110):       <TD width="45%" valign="top">\n
Action.c(110):           <b>&nbsp;&nbsp;3 Business class tickets for :</b><br/>\n
Action.c(110):           <center><table border="0" width="85%"><tr><td>\n
Action.c(110):           <li><i>LunaLovegood      <li><i>LunaLovegood      <li><i>LunaLovegood\n
Action.c(110):           <li><i></i>\n
Action.c(110):           </td></tr></table></center>\n
Action.c(110):       </TD>\n
Action.c(110):       <TD width="5%" >.<br/>.<br/>.<br/>.</TD>\n
Action.c(110):       <TD width="45%" valign=top><b>Invoice sent to:</b><br/>\n
Action.c(110):           <center>\n
Action.c(110):           <Table width="80%" cellspacing="0" > <tr> <td>\n
Action.c(110):               Luna Lovegood\n
Action.c(110):     <br/>\n
Action.c(110):               Ottery<br/>\n
Action.c(110):               Devonian<br/>\n
Action.c(110):               <br/>\n
Action.c(110):               Total Charge: $ 6213 <BR/> (CC: x-2390)\n
Action.c(110):           </td> </tr> </table>\n
Action.c(110):           </center>\n
Action.c(110):       </TD>\n
Action.c(110):     </TR>\n
Action.c(110):     <TR bgcolor="#EFF2F7">\n
Action.c(110):       <TD COLSPAN="3">\n
Action.c(110):       <b>Flight Details:</b><BR/>  <center>\n
Action.c(110):       03/04/2023\n
Action.c(110):      :  8am : Flight 480 leaves Paris  for Sydney.<br>  </center>\n
Action.c(110):       </TD>\n
Action.c(110):     </TR>\n
Action.c(110):     \n
Action.c(110):     <TR bgcolor="#EFF2F7">\n
Action.c(110):       <TD COLSPAN="4">\n
Action.c(110):       <hr/>\n
Action.c(110):       </TD>\n
Action.c(110):     </TR>\n
Action.c(110):     \n
Action.c(110):     <!-- Flight #1 -->\n
Action.c(110):     <TR bgcolor="#EFF2F7">\n
Action.c(110):       <TD width="5%" rowspan="2" align="left" valign="top">\n
Action.c(110):     <b>\n
Action.c(110):     <label><input type="checkbox" name="31" value="on" /></label></font></b>\n
Action.c(110):     <input type="hidden" name="flightID" value="88527798-238589-LL"  />\n
Action.c(110):       </TD>\n
Action.c(110):       <TD width="45%" valign="top">\n
Action.c(110):           <b>&nbsp;&nbsp;3 Coach class tickets for :</b><br/>\n
Action.c(110):           <center><table border="0" width="85%"><tr><td>\n
Action.c(110):           <li><i>LunaLovegood      <li><i>LunaLovegood      <li><i>LunaLovegood\n
Action.c(110):           <li><i></i>\n
Action.c(110):           </td></tr></table></center>\n
Action.c(110):       </TD>\n
Action.c(110):       <TD width="5%" >.<br/>.<br/>.<br/>.</TD>\n
Action.c(110):       <TD width="45%" valign=top><b>Invoice sent to:</b><br/>\n
Action.c(110):           <center>\n
Action.c(110):           <Table width="80%" cellspacing="0" > <tr> <td>\n
Action.c(110):               Luna Lovegood\n
Action.c(110):     <br/>\n
Action.c(110):               Ottery<br/>\n
Action.c(110):               Devonian<br/>\n
Action.c(110):               <br/>\n
Action.c(110):               Total Charge: $ 1665 <BR/> (CC: x-2390)\n
Action.c(110):           </td> </tr> </table>\n
Action.c(110):           </center>\n
Action.c(110):       </TD>\n
Action.c(110):     </TR>\n
Action.c(110):     <TR bgcolor="#EFF2F7">\n
Action.c(110):       <TD COLSPAN="3">\n
Action.c(110):       <b>Flight Details:</b><BR/>  <center>\n
Action.c(110):       03/04/2023\n
Action.c(110):      :  8am : Flight 250 leaves London  for Portland.<br>  </center>\n
Action.c(110):       </TD>\n
Action.c(110):     </TR>\n
Action.c(110):     \n
Action.c(110):     <TR bgcolor="#EFF2F7">\n
Action.c(110):       <TD COLSPAN="4">\n
Action.c(110):       <hr/>\n
Action.c(110):       </TD>\n
Action.c(110):     </TR>\n
Action.c(110):     \n
Action.c(110):     <!-- Flight #1 -->\n
Action.c(110):     <TR bgcolor="#EFF2F7">\n
Action.c(110):       <TD width="5%" rowspan="2" align="left" valign="top">\n
Action.c(110):     <b>\n
Action.c(110):     <label><input type="checkbox" name="32" value="on" /></label></font></b>\n
Action.c(110):     <input type="hidden" name="flightID" value="88524085-24689-LL"  />\n
Action.c(110):       </TD>\n
Action.c(110):       <TD width="45%" valign="top">\n
Action.c(110):           <b>&nbsp;&nbsp;3 Coach class tickets for :</b><br/>\n
Action.c(110):           <center><table border="0" width="85%"><tr><td>\n
Action.c(110):           <li><i>LunaLovegood      <li><i>LunaLovegood      <li><i>LunaLovegood\n
Action.c(110):           <li><i></i
Action.c(110): t=3978025ms: 8-byte chunked response overhead for "http://localhost:1080/cgi-bin/itinerary.pl" (RelFrameId=1, Internal ID=767)
Action.c(110):     \r\n
Action.c(110):     1000\r\n
Action.c(110): t=3978025ms: 8-byte chunked response overhead for "http://localhost:1080/cgi-bin/itinerary.pl" (RelFrameId=1, Internal ID=767)
Action.c(110):     \r\n
Action.c(110):     1000\r\n
Action.c(110): t=3978025ms: 8-byte chunked response overhead for "http://localhost:1080/cgi-bin/itinerary.pl" (RelFrameId=1, Internal ID=767)
Action.c(110):     \r\n
Action.c(110):     1000\r\n
Action.c(110): t=3978025ms: 12263-byte chunked response body for "http://localhost:1080/cgi-bin/itinerary.pl" (RelFrameId=1, Internal ID=767)
Action.c(110):     >\n
Action.c(110):           </td></tr></table></center>\n
Action.c(110):       </TD>\n
Action.c(110):       <TD width="5%" >.<br/>.<br/>.<br/>.</TD>\n
Action.c(110):       <TD width="45%" valign=top><b>Invoice sent to:</b><br/>\n
Action.c(110):           <center>\n
Action.c(110):           <Table width="80%" cellspacing="0" > <tr> <td>\n
Action.c(110):               Luna Lovegood\n
Action.c(110):     <br/>\n
Action.c(110):               Ottery<br/>\n
Action.c(110):               Devonian<br/>\n
Action.c(110):               <br/>\n
Action.c(110):               Total Charge: $ 960 <BR/> (CC: x-2390)\n
Action.c(110):           </td> </tr> </table>\n
Action.c(110):           </center>\n
Action.c(110):       </TD>\n
Action.c(110):     </TR>\n
Action.c(110):     <TR bgcolor="#EFF2F7">\n
Action.c(110):       <TD COLSPAN="3">\n
Action.c(110):       <b>Flight Details:</b><BR/>  <center>\n
Action.c(110):       03/04/2023\n
Action.c(110):      :  8am : Flight 150 leaves Frankfurt  for Portland.<br>  </center>\n
Action.c(110):       </TD>\n
Action.c(110):     </TR>\n
Action.c(110):     \n
Action.c(110):     <TR bgcolor="#EFF2F7">\n
Action.c(110):       <TD COLSPAN="4">\n
Action.c(110):       <hr/>\n
Action.c(110):       </TD>\n
Action.c(110):     </TR>\n
Action.c(110):     \n
Action.c(110):     <!-- Flight #1 -->\n
Action.c(110):     <TR bgcolor="#EFF2F7">\n
Action.c(110):       <TD width="5%" rowspan="2" align="left" valign="top">\n
Action.c(110):     <b>\n
Action.c(110):     <label><input type="checkbox" name="33" value="on" /></label></font></b>\n
Action.c(110):     <input type="hidden" name="flightID" value="88542708-25429-LL"  />\n
Action.c(110):       </TD>\n
Action.c(110):       <TD width="45%" valign="top">\n
Action.c(110):           <b>&nbsp;&nbsp;5 First class tickets for :</b><br/>\n
Action.c(110):           <center><table border="0" width="85%"><tr><td>\n
Action.c(110):           <li><i>LunaLovegood      <li><i>LunaLovegood      <li><i>LunaLovegood      <li><i>  
Action.c(110):         <li><i>\n
Action.c(110):           <li><i></i>\n
Action.c(110):           </td></tr></table></center>\n
Action.c(110):       </TD>\n
Action.c(110):       <TD width="5%" >.<br/>.<br/>.<br/>.</TD>\n
Action.c(110):       <TD width="45%" valign=top><b>Invoice sent to:</b><br/>\n
Action.c(110):           <center>\n
Action.c(110):           <Table width="80%" cellspacing="0" > <tr> <td>\n
Action.c(110):               Luna Lovegood\n
Action.c(110):     <br/>\n
Action.c(110):               Ottery<br/>\n
Action.c(110):               Devonian<br/>\n
Action.c(110):               <br/>\n
Action.c(110):               Total Charge: $ 580 <BR/> (CC: x-2390)\n
Action.c(110):           </td> </tr> </table>\n
Action.c(110):           </center>\n
Action.c(110):       </TD>\n
Action.c(110):     </TR>\n
Action.c(110):     <TR bgcolor="#EFF2F7">\n
Action.c(110):       <TD COLSPAN="3">\n
Action.c(110):       <b>Flight Details:</b><BR/>  <center>\n
Action.c(110):       03/04/2023\n
Action.c(110):      :  11pm : Flight 653 leaves San Francisco  for Portland.<br>  </center>\n
Action.c(110):       </TD>\n
Action.c(110):     </TR>\n
Action.c(110):     \n
Action.c(110):     <TR bgcolor="#EFF2F7">\n
Action.c(110):       <TD COLSPAN="4">\n
Action.c(110):       <hr/>\n
Action.c(110):       </TD>\n
Action.c(110):     </TR>\n
Action.c(110):     \n
Action.c(110):     <!-- Flight #1 -->\n
Action.c(110):     <TR bgcolor="#EFF2F7">\n
Action.c(110):       <TD width="5%" rowspan="2" align="left" valign="top">\n
Action.c(110):     <b>\n
Action.c(110):     <label><input type="checkbox" name="34" value="on" /></label></font></b>\n
Action.c(110):     <input type="hidden" name="flightID" value="885496395-261950-LL"  />\n
Action.c(110):       </TD>\n
Action.c(110):       <TD width="45%" valign="top">\n
Action.c(110):           <b>&nbsp;&nbsp;2 First class tickets for :</b><br/>\n
Action.c(110):           <center><table border="0" width="85%"><tr><td>\n
Action.c(110):           <li><i>LunaLovegood      <li><i>LunaLovegood\n
Action.c(110):           <li><i></i>\n
Action.c(110):           </td></tr></table></center>\n
Action.c(110):       </TD>\n
Action.c(110):       <TD width="5%" >.<br/>.<br/>.<br/>.</TD>\n
Action.c(110):       <TD width="45%" valign=top><b>Invoice sent to:</b><br/>\n
Action.c(110):           <center>\n
Action.c(110):           <Table width="80%" cellspacing="0" > <tr> <td>\n
Action.c(110):               Luna Lovegood\n
Action.c(110):     <br/>\n
Action.c(110):               Ottery<br/>\n
Action.c(110):               Devonian<br/>\n
Action.c(110):               <br/>\n
Action.c(110):               Total Charge: $ 5358 <BR/> (CC: x-2390)\n
Action.c(110):           </td> </tr> </table>\n
Action.c(110):           </center>\n
Action.c(110):       </TD>\n
Action.c(110):     </TR>\n
Action.c(110):     <TR bgcolor="#EFF2F7">\n
Action.c(110):       <TD COLSPAN="3">\n
Action.c(110):       <b>Flight Details:</b><BR/>  <center>\n
Action.c(110):       03/04/2023\n
Action.c(110):      :  8am : Flight 840 leaves Sydney  for Paris.<br>  </center>\n
Action.c(110):       </TD>\n
Action.c(110):     </TR>\n
Action.c(110):     \n
Action.c(110):     <TR bgcolor="#EFF2F7">\n
Action.c(110):       <TD COLSPAN="4">\n
Action.c(110):       <hr/>\n
Action.c(110):       </TD>\n
Action.c(110):     </TR>\n
Action.c(110):     \n
Action.c(110):     <!-- Flight #1 -->\n
Action.c(110):     <TR bgcolor="#EFF2F7">\n
Action.c(110):       <TD width="5%" rowspan="2" align="left" valign="top">\n
Action.c(110):     <b>\n
Action.c(110):     <label><input type="checkbox" name="35" value="on" /></label></font></b>\n
Action.c(110):     <input type="hidden" name="flightID" value="88520380-26986-LL"  />\n
Action.c(110):       </TD>\n
Action.c(110):       <TD width="45%" valign="top">\n
Action.c(110):           <b>&nbsp;&nbsp;3 Coach class tickets for :</b><br/>\n
Action.c(110):           <center><table border="0" width="85%"><tr><td>\n
Action.c(110):           <li><i>LunaLovegood      <li><i>LunaLovegood      <li><i>LunaLovegood\n
Action.c(110):           <li><i></i>\n
Action.c(110):           </td></tr></table></center>\n
Action.c(110):       </TD>\n
Action.c(110):       <TD width="5%" >.<br/>.<br/>.<br/>.</TD>\n
Action.c(110):       <TD width="45%" valign=top><b>Invoice sent to:</b><br/>\n
Action.c(110):           <center>\n
Action.c(110):           <Table width="80%" cellspacing="0" > <tr> <td>\n
Action.c(110):               Luna Lovegood\n
Action.c(110):     <br/>\n
Action.c(110):               Ottery<br/>\n
Action.c(110):               Devonian<br/>\n
Action.c(110):               <br/>\n
Action.c(110):               Total Charge: $ 825 <BR/> (CC: x-2390)\n
Action.c(110):           </td> </tr> </table>\n
Action.c(110):           </center>\n
Action.c(110):       </TD>\n
Action.c(110):     </TR>\n
Action.c(110):     <TR bgcolor="#EFF2F7">\n
Action.c(110):       <TD COLSPAN="3">\n
Action.c(110):       <b>Flight Details:</b><BR/>  <center>\n
Action.c(110):       03/04/2023\n
Action.c(110):      :  8am : Flight 050 leaves Denver  for Portland.<br>  </center>\n
Action.c(110):       </TD>\n
Action.c(110):     </TR>\n
Action.c(110):     \n
Action.c(110):     <TR bgcolor="#EFF2F7">\n
Action.c(110):       <TD COLSPAN="4">\n
Action.c(110):       <hr/>\n
Action.c(110):       </TD>\n
Action.c(110):     </TR>\n
Action.c(110):     \n
Action.c(110):     <!-- Flight #1 -->\n
Action.c(110):     <TR bgcolor="#EFF2F7">\n
Action.c(110):       <TD width="5%" rowspan="2" align="left" valign="top">\n
Action.c(110):     <b>\n
Action.c(110):     <label><input type="checkbox" name="36" value="on" /></label></font></b>\n
Action.c(110):     <input type="hidden" name="flightID" value="88520748-27707-LL"  />\n
Action.c(110):       </TD>\n
Action.c(110):       <TD width="45%" valign="top">\n
Action.c(110):           <b>&nbsp;&nbsp;A Coach class ticket for :</b><br/>\n
Action.c(110):           <center><table border="0" width="85%"><tr><td>\n
Action.c(110):           <li><i>LunaLovegood\n
Action.c(110):           <li><i></i>\n
Action.c(110):           </td></tr></table></center>\n
Action.c(110):       </TD>\n
Action.c(110):       <TD width="5%" >.<br/>.<br/>.<br/>.</TD>\n
Action.c(110):       <TD width="45%" valign=top><b>Invoice sent to:</b><br/>\n
Action.c(110):           <center>\n
Action.c(110):           <Table width="80%" cellspacing="0" > <tr> <td>\n
Action.c(110):               Luna Lovegood\n
Action.c(110):     <br/>\n
Action.c(110):               Ottery<br/>\n
Action.c(110):               Devonian<br/>\n
Action.c(110):               <br/>\n
Action.c(110):               Total Charge: $ 202 <BR/> (CC: x-2390)\n
Action.c(110):           </td> </tr> </table>\n
Action.c(110):           </center>\n
Action.c(110):       </TD>\n
Action.c(110):     </TR>\n
Action.c(110):     <TR bgcolor="#EFF2F7">\n
Action.c(110):       <TD COLSPAN="3">\n
Action.c(110):       <b>Flight Details:</b><BR/>  <center>\n
Action.c(110):       03/04/2023\n
Action.c(110):      :  8am : Flight 060 leaves Denver  for San Francisco.<br>  </center>\n
Action.c(110):       </TD>\n
Action.c(110):     </TR>\n
Action.c(110):     \n
Action.c(110):     <TR bgcolor="#EFF2F7">\n
Action.c(110):       <TD COLSPAN="4">\n
Action.c(110):       <hr/>\n
Action.c(110):       </TD>\n
Action.c(110):     </TR>\n
Action.c(110):     \n
Action.c(110):     <!-- Flight #1 -->\n
Action.c(110):     <TR bgcolor="#EFF2F7">\n
Action.c(110):       <TD width="5%" rowspan="2" align="left" valign="top">\n
Action.c(110):     <b>\n
Action.c(110):     <label><input type="checkbox" name="37" value="on" /></label></font></b>\n
Action.c(110):     <input type="hidden" name="flightID" value="88545564-284712-LL"  />\n
Action.c(110):       </TD>\n
Action.c(110):       <TD width="45%" valign="top">\n
Action.c(110):           <b>&nbsp;&nbsp;5 Business class tickets for :</b><br/>\n
Action.c(110):           <center><table border="0" width="85%"><tr><td>\n
Action.c(110):           <li><i>LunaLovegood      <li><i>LunaLovegood      <li><i>LunaLovegood      <li><i>  
Action.c(110):         <li><i>\n
Action.c(110):           <li><i></i>\n
Action.c(110):           </td></tr></table></center>\n
Action.c(110):       </TD>\n
Action.c(110):       <TD width="5%" >.<br/>.<br/>.<br/>.</TD>\n
Action.c(110):       <TD width="45%" valign=top><b>Invoice sent to:</b><br/>\n
Action.c(110):           <center>\n
Action.c(110):           <Table width="80%" cellspacing="0" > <tr> <td>\n
Action.c(110):               Luna Lovegood\n
Action.c(110):     <br/>\n
Action.c(110):               Ottery<br/>\n
Action.c(110):               Devonian<br/>\n
Action.c(110):               <br/>\n
Action.c(110):               Total Charge: $ 1265 <BR/> (CC: x-2390)\n
Action.c(110):           </td> </tr> </table>\n
Action.c(110):           </center>\n
Action.c(110):       </TD>\n
Action.c(110):     </TR>\n
Action.c(110):     <TR bgcolor="#EFF2F7">\n
Action.c(110):       <TD COLSPAN="3">\n
Action.c(110):       <b>Flight Details:</b><BR/>  <center>\n
Action.c(110):       03/04/2023\n
Action.c(110):      :  8am : Flight 730 leaves Seattle  for Los Angeles.<br>  </center>\n
Action.c(110):       </TD>\n
Action.c(110):     </TR>\n
Action.c(110):     \n
Action.c(110):     <TR bgcolor="#EFF2F7">\n
Action.c(110):       <TD COLSPAN="4">\n
Action.c(110):       <hr/>\n
Action.c(110):       </TD>\n
Action.c(110):     </TR>\n
Action.c(110):     \n
Action.c(110):     <!-- Flight #1 -->\n
Action.c(110):     <TR bgcolor="#EFF2F7">\n
Action.c(110):       <TD width="5%" rowspan="2" align="left" valign="top">\n
Action.c(110):     <b>\n
Action.c(110):     <label><input type="checkbox" name="38" value="on" /></label></font></b>\n
Action.c(110):     <input type="hidden" name="flightID" value="88530399-292545-LL"  />\n
Action.c(110):       </TD>\n
Action.c(110):       <TD width="45%" valign="top">\n
Action.c(110):           <b>&nbsp;&nbsp;4 Coach class tickets for :</b><br/>\n
Action.c(110):           <center><table border="0" width="85%"><tr><td>\n
Action.c(110):           <li><i>LunaLovegood      <li><i>LunaLovegood      <li><i>LunaLovegood      <li><i>\n
Action.c(110):           <li><i></i>\n
Action.c(110):           </td></tr></table></center>\n
Action.c(110):       </TD>\n
Action.c(110):       <TD width="5%" >.<br/>.<br/>.<br/>.</TD>\n
Action.c(110):       <TD width="45%" valign=top><b>Invoice sent to:</b><br/>\n
Action.c(110):           <center>\n
Action.c(110):           <Table width="80%" cellspacing="0" > <tr> <td>\n
Action.c(110):               Luna Lovegood\n
Action.c(110):     <br/>\n
Action.c(110):               Ottery<br/>\n
Action.c(110):               Devonian<br/>\n
Action.c(110):               <br/>\n
Action.c(110):               Total Charge: $ 3092 <BR/> (CC: x-2390)\n
Action.c(110):           </td> </tr> </table>\n
Action.c(110):           </center>\n
Action.c(110):       </TD>\n
Action.c(110):     </TR>\n
Action.c(110):     <TR bgcolor="#EFF2F7">\n
Action.c(110):       <TD COLSPAN="3">\n
Action.c(110):       <b>Flight Details:</b><BR/>  <center>\n
Action.c(110):       03/04/2023\n
Action.c(110):      :  8am : Flight 320 leaves Los Angeles  for London.<br>  </center>\n
Action.c(110):       </TD>\n
Action.c(110):     </TR>\n
Action.c(110):     \n
Action.c(110):     <TR bgcolor="#EFF2F7">\n
Action.c(110):       <TD COLSPAN="4">\n
Action.c(110):       <hr/>\n
Action.c(110):       </TD>\n
Action.c(110):     </TR>\n
Action.c(110):     \n
Action.c(110):     <!-- Flight #1 -->\n
Action.c(110):     <TR bgcolor="#EFF2F7">\n
Action.c(110):       <TD width="5%" rowspan="2" align="left" valign="top">\n
Action.c(110):     <b>\n
Action.c(110):     <label><input type="checkbox" name="39" value="on" /></label></font></b>\n
Action.c(110):     <input type="hidden" name="flightID" value="88520754-300145-LL"  />\n
Action.c(110):       </TD>\n
Action.c(110):       <TD width="45%" valign="top">\n
Action.c(110):           <b>&nbsp;&nbsp;5 First class tickets for :</b><br/>\n
Action.c(110):           <center><table border="0" width="85%"><tr><td>\n
Action.c(110):           <li><i>LunaLovegood      <li><i>LunaLovegood      <li><i>LunaLovegood      <li><i>  
Action.c(110):         <li><i>\n
Action.c(110):           <li><i></i>\n
Action.c(110):           </td></tr></table></center>\n
Action.c(110):       </TD>\n
Action.c(110):       <TD width="5%" >.<br/>.<br/>.<br/>.</TD>\n
Action.c(110):       <TD width="45%" valign=top><b>Invoice sent to:</b><br/>\n
Action.c(110):           <center>\n
Action.c(110):           <Table width="80%" cellspacing="0" > <tr> <td>\n
Action.c(110):               Luna Lovegood\n
Action.c(110):     <br/>\n
Action.c(110):               Ottery<br/>\n
Action.c(110):               Devonian<br/>\n
Action.c(110):               <br/>\n
Action.c(110):               Total Charge: $ 1895 <BR/> (CC: x-2390)\n
Action.c(110):           </td> </tr> </table>\n
Action.c(110):           </center>\n
Action.c(110):       </TD>\n
Action.c(110):     </TR>\n
Action.c(110):     <TR bgcolor="#EFF2F7">\n
Action.c(110):       <TD COLSPAN="3">\n
Action.c(110):       <b>Flight Details:</b><BR/>  <center>\n
Action.c(110):       03/04/2023\n
Action.c(110):      :  8am : Flight 060 leaves Denver  for San Francisco.<br>  </center>\n
Action.c(110):       </TD>\n
Action.c(110):     </TR>\n
Action.c(110):     \n
Action.c(110):     <TR bgcolor="#EFF2F7">\n
Action.c(110):       <TD COLSPAN="4">\n
Action.c(110):       <hr/>\n
Action.c(110):       </TD>\n
Action.c(110):     </TR>\n
Action.c(110):     \n
Action.c(110):     <!-- Flight #1 -->\n
Action.c(110):     <TR bgcolor="#EFF2F7">\n
Action.c(110):       <TD width="5%" rowspan="2" align="left" valign="top">\n
Action.c(110):     <b>\n
Action.c(110):     <label><input type="checkbox" name="40" value="on" /></label></font></b>\n
Action.c(110):     <input type="hidden" name="flightID" value="885503754-307904-LL"  />\n
Action.c(110):       </TD>\n
Action.c(110):       <TD width="45%" valign="top">\n
Action.c(110):           <b>&nbsp;&nbsp;2 First class tickets for :</b><br/>\n
Action.c(110):           <center><table border="0" width="85%"><tr><td>\n
Action.c(110):           <li><i>LunaLovegood      <li><i>LunaLovegood\n
Action.c(110):           <li><i></i>\n
Action.c(110):           </td></tr></table></center>\n
Action.c(110):       </TD>\n
Action.c(110):       <TD width="5%" >.<br/>.<br/>.<br/>.</TD>\n
Action.c(110):       <TD width="45%" valign=top><b>Invoice sent to:</b><br/>\n
Action.c(110):           <center>\n
Action.c(110):           <Table width="80%" cellspacing="0" > <tr> <td>\n
Action.c(110):               Luna Lovegood\n
Action.c(110):     <br/>\n
Action.c(110):               Ottery<br/>\n
Action.c(110):               Devonian<br/>\n
Action.c(110):               <br/>\n
Action.c(110):               Total Charge: $ 2758 <BR/> (CC: x-2390)\n
Action.c(110):           </td> </tr> </table>\n
Action.c(110):           </center>\n
Action.c(110):       </TD>\n
Action.c(110):     </TR>\n
Action.c(110):     <TR bgcolor="#EFF2F7">\n
Action.c(110):       <TD COLSPAN="3">\n
Action.c(110):       <b>Flight Details:</b><BR/>  <center>\n
Action.c(110):       03/04/2023\n
Action.c(110):      :  8am : Flight 860 leaves Sydney  for San Francisco.<br>  </center>\n
Action.c(110):       </TD>\n
Action.c(110):     </TR>\n
Action.c(110):     \n
Action.c(110):     <TR bgcolor="#EFF2F7">\n
Action.c(110):       <TD COLSPAN="4">\n
Action.c(110):       <hr/>\n
Action.c(110):       </TD>\n
Action.c(110):     </TR>\n
Action.c(110):     \n
Action.c(110):     <!-- Flight #1 -->\n
Action.c(110):     <TR bgcolor="#EFF2F7">\n
Action.c(110):       <TD width="5%" rowspan="2" align="left" valign="top">\n
Action.c(110):     <b>\n
Action.c(110):     <label><input type="checkbox" name="41" value="on" /></label></font></b>\n
Action.c(110):     <input type="hidden" name="flightID" value="88525949-31587-LL"  />\n
Action.c(110):       </TD>\n
Action.c(110):       <TD width="45%" valign="top">\n
Action.c(110):           <b>&nbsp;&nbsp;A First class ticket for :</b><br/>\n
Action.c(110):           <center><table border="0" width="85%"><tr><td>\n
Action.c(110):           <li><i>LunaLovegood\n
Action.c(110):           <li><i></i>\n
Action.c(110):           </td></tr></table></center>\n
Action.c(110):       </TD>\n
Action.c(110):       <TD width="5%" >.<br/>.<br/>.<br/>.</TD>\n
Action.c(110):       <TD width="45%" valign=top><b>Invoice sent to:</b><br/>\n
Action.c(110):           <center>\n
Action.c(110):           <Table width="80%" cellspacing="0" > <tr> <td>\n
Action.c(110):               Luna Lovegood\n
Action.c(110):     <br/>\n
Action.c(110):               Ottery<br/>\n
Action.c(110):               Devonian<br/>\n
Action.c(110):               <br/>\n
Action.c(110):               Total Charge: $ 635 <BR/> (CC: x-2390)\n
Action.c(110):           </td> </tr> </table>\n
Action.c(110):           </center>\n
Action.c(110):       </TD>\n
Action.c(110):     </TR>\n
Action.c(110):     <TR bgcolor="#EFF2F7">\n
Action.c(110):       <TD COLSPAN="3">\n
Action.c(110):       <b>Flight Details:</b><BR/>  <center>\n
Action.c(110):       03/04/2023\n
Action.c(110):      :  8am : Flight 200 leaves London  for Denver.<br>  </center>\n
Action.c(110):       </TD>\n
Action.c(110):     </TR>\n
Action.c(110):     \n
Action.c(110):     <TR bgcolor="#EFF2F7">\n
Action.c(110):       <TD COLSPAN="4">\n
Action.c(110):       <hr/>\n
Action.c(110):       </TD>\n
Action.c(110):     </TR>\n
Action.c(110):     \n
Action.c(110):     <!-- Flight #1 -->\n
Action.c(110):     <TR bgcolor="#EFF2F7">\n
Action.c(110):       <TD width="5%" rowspan="2" align="left" valign="top">\n
Action.c(110):     <b>\n
Action.c(110):     <label><input type="checkbox" name="42" value="on" /></label></font></b>\n
Action.c(110):     <input type="hidden" name="flightID" value="88530015-323240-LL"  />\n
Action.c(110):       </TD>\n
Action.c(110):       <TD width="45%" valign="top">\n
Action.c(110):           <b>&nbsp;&nbsp;5 First class tickets for :</b><br/>\n
Action.c(110):           <center><table border="0" width="85%"><tr><td>\n
Action.c(110):           <li><i>LunaLovegood      <li><i>LunaLovegood      <li><i>LunaLovegood      <li><i>  
Action.c(110):         <li><i>\n
Action.c(110):           <li><i></i>\n
Action.c(110):           </td></tr></table></center>\n
Action.c(110):       </TD>\n
Action.c(110):       <TD width="5%" >.<br/>.<br/>.<br/>.</TD>\n
Action.c(110):       <TD width="45%" valign=top><b>Invoice sent to:</b><br/>\n
Action.c(110):           <center>\n
Action.c(110):           <Table width="80%" cellspacing="0" > <tr> <td>\n
Action.c(110):               Luna Lovegood\n
Action.c(110):     <br/>\n
Action.c(110):               Ottery<br/>\n
Action.c(110):               Devonian<br/>\n
Action.c(110):               <br/>\n
Action.c(110):               Total Charge: $ 2120 <BR/> (CC: x-2390)\n
Action.c(110):           </td> </tr> </table>\n
Action.c(110):           </center>\n
Action.c(110):       </TD>\n
Action.c(110):     </TR>\n
Action.c(110):     <TR bgcolor="#EFF2F7">\n
Action.c(110):       <TD COLSPAN="3">\n
Action.c(110):       <b>Flight Details:</b><BR/>  <center>\n
Action.c(110):       03/04/2023\n
Action.c(110):      :  8am : Flight 310 leaves Los Angeles  for Frankfurt.<br>  </center>\n
Action.c(110):       </TD>\n
Action.c(110):     </TR>\n
Action.c(110):     \n
Action.c(110):     <TR bgcolor="#EFF2F7">\n
Action.c(110):       <TD COLSPAN="4">\n
Action.c(110):       <hr/>\n
Action.c(110):       </TD>\n
Action.c(110):     </TR>\n
Action.c(110):     \n
Action.c(110):     <!-- Flight #1 -->\n
Action.c(110):     <TR bgcolor="#EFF2F7">\n
Action.c(110):       <TD width="5%" rowspan="2" align="left" valign="top">\n
Action.c(110):     <b>\n
Action.c(110):     <label><input type="checkbox" name="43" value="on" /></label></font></b>\n
Action.c(110):     <input type="hidden" name="flightID" value="885307-330-LL"  /
Action.c(110): t=3978026ms: 8-byte chunked response overhead for "http://localhost:1080/cgi-bin/itinerary.pl" (RelFrameId=1, Internal ID=767)
Action.c(110):     \r\n
Action.c(110):     1000\r\n
Action.c(110): t=3978027ms: 8-byte chunked response overhead for "http://localhost:1080/cgi-bin/itinerary.pl" (RelFrameId=1, Internal ID=767)
Action.c(110):     \r\n
Action.c(110):     1000\r\n
Action.c(110): t=3978027ms: 8-byte chunked response overhead for "http://localhost:1080/cgi-bin/itinerary.pl" (RelFrameId=1, Internal ID=767)
Action.c(110):     \r\n
Action.c(110):     1000\r\n
Action.c(110): t=3978027ms: 12263-byte chunked response body for "http://localhost:1080/cgi-bin/itinerary.pl" (RelFrameId=1, Internal ID=767)
Action.c(110):     >\n
Action.c(110):       </TD>\n
Action.c(110):       <TD width="45%" valign="top">\n
Action.c(110):           <b>&nbsp;&nbsp;4 Business class tickets for :</b><br/>\n
Action.c(110):           <center><table border="0" width="85%"><tr><td>\n
Action.c(110):           <li><i>LunaLovegood      <li><i>LunaLovegood      <li><i>LunaLovegood      <li><i>\n
Action.c(110):           <li><i></i>\n
Action.c(110):           </td></tr></table></center>\n
Action.c(110):       </TD>\n
Action.c(110):       <TD width="5%" >.<br/>.<br/>.<br/>.</TD>\n
Action.c(110):       <TD width="45%" valign=top><b>Invoice sent to:</b><br/>\n
Action.c(110):           <center>\n
Action.c(110):           <Table width="80%" cellspacing="0" > <tr> <td>\n
Action.c(110):               Luna Lovegood\n
Action.c(110):     <br/>\n
Action.c(110):               Ottery<br/>\n
Action.c(110):               Devonian<br/>\n
Action.c(110):               <br/>\n
Action.c(110):               Total Charge: $ 0 <BR/> (CC: x-2390)\n
Action.c(110):           </td> </tr> </table>\n
Action.c(110):           </center>\n
Action.c(110):       </TD>\n
Action.c(110):     </TR>\n
Action.c(110):     <TR bgcolor="#EFF2F7">\n
Action.c(110):       <TD COLSPAN="3">\n
Action.c(110):       <b>Flight Details:</b><BR/>  <center>\n
Action.c(110):       03/04/2023\n
Action.c(110):      :  8am : Flight 330 leaves Los Angeles  for Los Angeles.<br>  </center>\n
Action.c(110):       </TD>\n
Action.c(110):     </TR>\n
Action.c(110):     \n
Action.c(110):     <TR bgcolor="#EFF2F7">\n
Action.c(110):       <TD COLSPAN="4">\n
Action.c(110):       <hr/>\n
Action.c(110):       </TD>\n
Action.c(110):     </TR>\n
Action.c(110):     \n
Action.c(110):     <!-- Flight #1 -->\n
Action.c(110):     <TR bgcolor="#EFF2F7">\n
Action.c(110):       <TD width="5%" rowspan="2" align="left" valign="top">\n
Action.c(110):     <b>\n
Action.c(110):     <label><input type="checkbox" name="44" value="on" /></label></font></b>\n
Action.c(110):     <input type="hidden" name="flightID" value="885459300-338634-LL"  />\n
Action.c(110):       </TD>\n
Action.c(110):       <TD width="45%" valign="top">\n
Action.c(110):           <b>&nbsp;&nbsp;2 First class tickets for :</b><br/>\n
Action.c(110):           <center><table border="0" width="85%"><tr><td>\n
Action.c(110):           <li><i>LunaLovegood      <li><i>LunaLovegood\n
Action.c(110):           <li><i></i>\n
Action.c(110):           </td></tr></table></center>\n
Action.c(110):       </TD>\n
Action.c(110):       <TD width="5%" >.<br/>.<br/>.<br/>.</TD>\n
Action.c(110):       <TD width="45%" valign=top><b>Invoice sent to:</b><br/>\n
Action.c(110):           <center>\n
Action.c(110):           <Table width="80%" cellspacing="0" > <tr> <td>\n
Action.c(110):               Luna Lovegood\n
Action.c(110):     <br/>\n
Action.c(110):               Ottery<br/>\n
Action.c(110):               Devonian<br/>\n
Action.c(110):               <br/>\n
Action.c(110):               Total Charge: $ 2244 <BR/> (CC: x-2390)\n
Action.c(110):           </td> </tr> </table>\n
Action.c(110):           </center>\n
Action.c(110):       </TD>\n
Action.c(110):     </TR>\n
Action.c(110):     <TR bgcolor="#EFF2F7">\n
Action.c(110):       <TD COLSPAN="3">\n
Action.c(110):       <b>Flight Details:</b><BR/>  <center>\n
Action.c(110):       03/04/2023\n
Action.c(110):      :  8am : Flight 740 leaves Seattle  for Paris.<br>  </center>\n
Action.c(110):       </TD>\n
Action.c(110):     </TR>\n
Action.c(110):     \n
Action.c(110):     <TR bgcolor="#EFF2F7">\n
Action.c(110):       <TD COLSPAN="4">\n
Action.c(110):       <hr/>\n
Action.c(110):       </TD>\n
Action.c(110):     </TR>\n
Action.c(110):     \n
Action.c(110):     <!-- Flight #1 -->\n
Action.c(110):     <TR bgcolor="#EFF2F7">\n
Action.c(110):       <TD width="5%" rowspan="2" align="left" valign="top">\n
Action.c(110):     <b>\n
Action.c(110):     <label><input type="checkbox" name="45" value="on" /></label></font></b>\n
Action.c(110):     <input type="hidden" name="flightID" value="88538191-34628-LL"  />\n
Action.c(110):       </TD>\n
Action.c(110):       <TD width="45%" valign="top">\n
Action.c(110):           <b>&nbsp;&nbsp;A Coach class ticket for :</b><br/>\n
Action.c(110):           <center><table border="0" width="85%"><tr><td>\n
Action.c(110):           <li><i>LunaLovegood\n
Action.c(110):           <li><i></i>\n
Action.c(110):           </td></tr></table></center>\n
Action.c(110):       </TD>\n
Action.c(110):       <TD width="5%" >.<br/>.<br/>.<br/>.</TD>\n
Action.c(110):       <TD width="45%" valign=top><b>Invoice sent to:</b><br/>\n
Action.c(110):           <center>\n
Action.c(110):           <Table width="80%" cellspacing="0" > <tr> <td>\n
Action.c(110):               Luna Lovegood\n
Action.c(110):     <br/>\n
Action.c(110):               Ottery<br/>\n
Action.c(110):               Devonian<br/>\n
Action.c(110):               <br/>\n
Action.c(110):               Total Charge: $ 176 <BR/> (CC: x-2390)\n
Action.c(110):           </td> </tr> </table>\n
Action.c(110):           </center>\n
Action.c(110):       </TD>\n
Action.c(110):     </TR>\n
Action.c(110):     <TR bgcolor="#EFF2F7">\n
Action.c(110):       <TD COLSPAN="3">\n
Action.c(110):       <b>Flight Details:</b><BR/>  <center>\n
Action.c(110):       03/04/2023\n
Action.c(110):      :  1pm : Flight 531 leaves Portland  for Los Angeles.<br>  </center>\n
Action.c(110):       </TD>\n
Action.c(110):     </TR>\n
Action.c(110):     \n
Action.c(110):     <TR bgcolor="#EFF2F7">\n
Action.c(110):       <TD COLSPAN="4">\n
Action.c(110):       <hr/>\n
Action.c(110):       </TD>\n
Action.c(110):     </TR>\n
Action.c(110):     \n
Action.c(110):     <!-- Flight #1 -->\n
Action.c(110):     <TR bgcolor="#EFF2F7">\n
Action.c(110):       <TD width="5%" rowspan="2" align="left" valign="top">\n
Action.c(110):     <b>\n
Action.c(110):     <label><input type="checkbox" name="46" value="on" /></label></font></b>\n
Action.c(110):     <input type="hidden" name="flightID" value="88521195-35448-LL"  />\n
Action.c(110):       </TD>\n
Action.c(110):       <TD width="45%" valign="top">\n
Action.c(110):           <b>&nbsp;&nbsp;3 Coach class tickets for :</b><br/>\n
Action.c(110):           <center><table border="0" width="85%"><tr><td>\n
Action.c(110):           <li><i>LunaLovegood      <li><i>LunaLovegood      <li><i>LunaLovegood\n
Action.c(110):           <li><i></i>\n
Action.c(110):           </td></tr></table></center>\n
Action.c(110):       </TD>\n
Action.c(110):       <TD width="5%" >.<br/>.<br/>.<br/>.</TD>\n
Action.c(110):       <TD width="45%" valign=top><b>Invoice sent to:</b><br/>\n
Action.c(110):           <center>\n
Action.c(110):           <Table width="80%" cellspacing="0" > <tr> <td>\n
Action.c(110):               Luna Lovegood\n
Action.c(110):     <br/>\n
Action.c(110):               Ottery<br/>\n
Action.c(110):               Devonian<br/>\n
Action.c(110):               <br/>\n
Action.c(110):               Total Charge: $ 828 <BR/> (CC: x-2390)\n
Action.c(110):           </td> </tr> </table>\n
Action.c(110):           </center>\n
Action.c(110):       </TD>\n
Action.c(110):     </TR>\n
Action.c(110):     <TR bgcolor="#EFF2F7">\n
Action.c(110):       <TD COLSPAN="3">\n
Action.c(110):       <b>Flight Details:</b><BR/>  <center>\n
Action.c(110):       03/04/2023\n
Action.c(110):      :  5pm : Flight 072 leaves Denver  for Seattle.<br>  </center>\n
Action.c(110):       </TD>\n
Action.c(110):     </TR>\n
Action.c(110):     \n
Action.c(110):     <TR bgcolor="#EFF2F7">\n
Action.c(110):       <TD COLSPAN="4">\n
Action.c(110):       <hr/>\n
Action.c(110):       </TD>\n
Action.c(110):     </TR>\n
Action.c(110):     \n
Action.c(110):     <!-- Flight #1 -->\n
Action.c(110):     <TR bgcolor="#EFF2F7">\n
Action.c(110):       <TD width="5%" rowspan="2" align="left" valign="top">\n
Action.c(110):     <b>\n
Action.c(110):     <label><input type="checkbox" name="47" value="on" /></label></font></b>\n
Action.c(110):     <input type="hidden" name="flightID" value="885348-361-LL"  />\n
Action.c(110):       </TD>\n
Action.c(110):       <TD width="45%" valign="top">\n
Action.c(110):           <b>&nbsp;&nbsp;A First class ticket for :</b><br/>\n
Action.c(110):           <center><table border="0" width="85%"><tr><td>\n
Action.c(110):           <li><i>LunaLovegood\n
Action.c(110):           <li><i></i>\n
Action.c(110):           </td></tr></table></center>\n
Action.c(110):       </TD>\n
Action.c(110):       <TD width="5%" >.<br/>.<br/>.<br/>.</TD>\n
Action.c(110):       <TD width="45%" valign=top><b>Invoice sent to:</b><br/>\n
Action.c(110):           <center>\n
Action.c(110):           <Table width="80%" cellspacing="0" > <tr> <td>\n
Action.c(110):               Luna Lovegood\n
Action.c(110):     <br/>\n
Action.c(110):               Ottery<br/>\n
Action.c(110):               Devonian<br/>\n
Action.c(110):               <br/>\n
Action.c(110):               Total Charge: $ 0 <BR/> (CC: x-2390)\n
Action.c(110):           </td> </tr> </table>\n
Action.c(110):           </center>\n
Action.c(110):       </TD>\n
Action.c(110):     </TR>\n
Action.c(110):     <TR bgcolor="#EFF2F7">\n
Action.c(110):       <TD COLSPAN="3">\n
Action.c(110):       <b>Flight Details:</b><BR/>  <center>\n
Action.c(110):       03/04/2023\n
Action.c(110):      :  5pm : Flight 442 leaves Paris  for Paris.<br>  </center>\n
Action.c(110):       </TD>\n
Action.c(110):     </TR>\n
Action.c(110):     \n
Action.c(110):     <TR bgcolor="#EFF2F7">\n
Action.c(110):       <TD COLSPAN="4">\n
Action.c(110):       <hr/>\n
Action.c(110):       </TD>\n
Action.c(110):     </TR>\n
Action.c(110):     \n
Action.c(110):     <!-- Flight #1 -->\n
Action.c(110):     <TR bgcolor="#EFF2F7">\n
Action.c(110):       <TD width="5%" rowspan="2" align="left" valign="top">\n
Action.c(110):     <b>\n
Action.c(110):     <label><input type="checkbox" name="48" value="on" /></label></font></b>\n
Action.c(110):     <input type="hidden" name="flightID" value="88534155-36982-LL"  />\n
Action.c(110):       </TD>\n
Action.c(110):       <TD width="45%" valign="top">\n
Action.c(110):           <b>&nbsp;&nbsp;4 First class tickets for :</b><br/>\n
Action.c(110):           <center><table border="0" width="85%"><tr><td>\n
Action.c(110):           <li><i>LunaLovegood      <li><i>LunaLovegood      <li><i>LunaLovegood      <li><i>\n
Action.c(110):           <li><i></i>\n
Action.c(110):           </td></tr></table></center>\n
Action.c(110):       </TD>\n
Action.c(110):       <TD width="5%" >.<br/>.<br/>.<br/>.</TD>\n
Action.c(110):       <TD width="45%" valign=top><b>Invoice sent to:</b><br/>\n
Action.c(110):           <center>\n
Action.c(110):           <Table width="80%" cellspacing="0" > <tr> <td>\n
Action.c(110):               Luna Lovegood\n
Action.c(110):     <br/>\n
Action.c(110):               Ottery<br/>\n
Action.c(110):               Devonian<br/>\n
Action.c(110):               <br/>\n
Action.c(110):               Total Charge: $ 772 <BR/> (CC: x-2390)\n
Action.c(110):           </td> </tr> </table>\n
Action.c(110):           </center>\n
Action.c(110):       </TD>\n
Action.c(110):     </TR>\n
Action.c(110):     <TR bgcolor="#EFF2F7">\n
Action.c(110):       <TD COLSPAN="3">\n
Action.c(110):       <b>Flight Details:</b><BR/>  <center>\n
Action.c(110):       03/04/2023\n
Action.c(110):      :  5pm : Flight 422 leaves Paris  for London.<br>  </center>\n
Action.c(110):       </TD>\n
Action.c(110):     </TR>\n
Action.c(110):     \n
Action.c(110):     <TR bgcolor="#EFF2F7">\n
Action.c(110):       <TD COLSPAN="4">\n
Action.c(110):       <hr/>\n
Action.c(110):       </TD>\n
Action.c(110):     </TR>\n
Action.c(110):     \n
Action.c(110):     <!-- Flight #1 -->\n
Action.c(110):     <TR bgcolor="#EFF2F7">\n
Action.c(110):       <TD width="5%" rowspan="2" align="left" valign="top">\n
Action.c(110):     <b>\n
Action.c(110):     <label><input type="checkbox" name="49" value="on" /></label></font></b>\n
Action.c(110):     <input type="hidden" name="flightID" value="885552-376-LL"  />\n
Action.c(110):       </TD>\n
Action.c(110):       <TD width="45%" valign="top">\n
Action.c(110):           <b>&nbsp;&nbsp;A Business class ticket for :</b><br/>\n
Action.c(110):           <center><table border="0" width="85%"><tr><td>\n
Action.c(110):           <li><i>LunaLovegood\n
Action.c(110):           <li><i></i>\n
Action.c(110):           </td></tr></table></center>\n
Action.c(110):       </TD>\n
Action.c(110):       <TD width="5%" >.<br/>.<br/>.<br/>.</TD>\n
Action.c(110):       <TD width="45%" valign=top><b>Invoice sent to:</b><br/>\n
Action.c(110):           <center>\n
Action.c(110):           <Table width="80%" cellspacing="0" > <tr> <td>\n
Action.c(110):               Luna Lovegood\n
Action.c(110):     <br/>\n
Action.c(110):               Ottery<br/>\n
Action.c(110):               Devonian<br/>\n
Action.c(110):               <br/>\n
Action.c(110):               Total Charge: $ 0 <BR/> (CC: x-2390)\n
Action.c(110):           </td> </tr> </table>\n
Action.c(110):           </center>\n
Action.c(110):       </TD>\n
Action.c(110):     </TR>\n
Action.c(110):     <TR bgcolor="#EFF2F7">\n
Action.c(110):       <TD COLSPAN="3">\n
Action.c(110):       <b>Flight Details:</b><BR/>  <center>\n
Action.c(110):       03/04/2023\n
Action.c(110):      :  5pm : Flight 992 leaves Zurich  for Zurich.<br>  </center>\n
Action.c(110):       </TD>\n
Action.c(110):     </TR>\n
Action.c(110):     \n
Action.c(110):     <TR bgcolor="#EFF2F7">\n
Action.c(110):       <TD COLSPAN="4">\n
Action.c(110):       <hr/>\n
Action.c(110):       </TD>\n
Action.c(110):     </TR>\n
Action.c(110):     \n
Action.c(110):     <!-- Flight #1 -->\n
Action.c(110):     <TR bgcolor="#EFF2F7">\n
Action.c(110):       <TD width="5%" rowspan="2" align="left" valign="top">\n
Action.c(110):     <b>\n
Action.c(110):     <label><input type="checkbox" name="50" value="on" /></label></font></b>\n
Action.c(110):     <input type="hidden" name="flightID" value="8853194-38470-LL"  />\n
Action.c(110):       </TD>\n
Action.c(110):       <TD width="45%" valign="top">\n
Action.c(110):           <b>&nbsp;&nbsp;2 Coach class tickets for :</b><br/>\n
Action.c(110):           <center><table border="0" width="85%"><tr><td>\n
Action.c(110):           <li><i>LunaLovegood      <li><i>LunaLovegood\n
Action.c(110):           <li><i></i>\n
Action.c(110):           </td></tr></table></center>\n
Action.c(110):       </TD>\n
Action.c(110):       <TD width="5%" >.<br/>.<br/>.<br/>.</TD>\n
Action.c(110):       <TD width="45%" valign=top><b>Invoice sent to:</b><br/>\n
Action.c(110):           <center>\n
Action.c(110):           <Table width="80%" cellspacing="0" > <tr> <td>\n
Action.c(110):               Luna Lovegood\n
Action.c(110):     <br/>\n
Action.c(110):               Ottery<br/>\n
Action.c(110):               Devonian<br/>\n
Action.c(110):               <br/>\n
Action.c(110):               Total Charge: $ 114 <BR/> (CC: x-2390)\n
Action.c(110):           </td> </tr> </table>\n
Action.c(110):           </center>\n
Action.c(110):       </TD>\n
Action.c(110):     </TR>\n
Action.c(110):     <TR bgcolor="#EFF2F7">\n
Action.c(110):       <TD COLSPAN="3">\n
Action.c(110):       <b>Flight Details:</b><BR/>  <center>\n
Action.c(110):       03/04/2023\n
Action.c(110):      :  5pm : Flight 362 leaves Los Angeles  for San Francisco.<br>  </center>\n
Action.c(110):       </TD>\n
Action.c(110):     </TR>\n
Action.c(110):     \n
Action.c(110):     <TR bgcolor="#EFF2F7">\n
Action.c(110):       <TD COLSPAN="4">\n
Action.c(110):       <hr/>\n
Action.c(110):       </TD>\n
Action.c(110):     </TR>\n
Action.c(110):     \n
Action.c(110):     <!-- Flight #1 -->\n
Action.c(110):     <TR bgcolor="#EFF2F7">\n
Action.c(110):       <TD width="5%" rowspan="2" align="left" valign="top">\n
Action.c(110):     <b>\n
Action.c(110):     <label><input type="checkbox" name="51" value="on" /></label></font></b>\n
Action.c(110):     <input type="hidden" name="flightID" value="885226-392-LL"  />\n
Action.c(110):       </TD>\n
Action.c(110):       <TD width="45%" valign="top">\n
Action.c(110):           <b>&nbsp;&nbsp;4 Coach class tickets for :</b><br/>\n
Action.c(110):           <center><table border="0" width="85%"><tr><td>\n
Action.c(110):           <li><i>LunaLovegood      <li><i>LunaLovegood      <li><i>LunaLovegood      <li><i>\n
Action.c(110):           <li><i></i>\n
Action.c(110):           </td></tr></table></center>\n
Action.c(110):       </TD>\n
Action.c(110):       <TD width="5%" >.<br/>.<br/>.<br/>.</TD>\n
Action.c(110):       <TD width="45%" valign=top><b>Invoice sent to:</b><br/>\n
Action.c(110):           <center>\n
Action.c(110):           <Table width="80%" cellspacing="0" > <tr> <td>\n
Action.c(110):               Luna Lovegood\n
Action.c(110):     <br/>\n
Action.c(110):               Ottery<br/>\n
Action.c(110):               Devonian<br/>\n
Action.c(110):               <br/>\n
Action.c(110):               Total Charge: $ 0 <BR/> (CC: x-2390)\n
Action.c(110):           </td> </tr> </table>\n
Action.c(110):           </center>\n
Action.c(110):       </TD>\n
Action.c(110):     </TR>\n
Action.c(110):     <TR bgcolor="#EFF2F7">\n
Action.c(110):       <TD COLSPAN="3">\n
Action.c(110):       <b>Flight Details:</b><BR/>  <center>\n
Action.c(110):       03/04/2023\n
Action.c(110):      :  5pm : Flight 112 leaves Frankfurt  for Frankfurt.<br>  </center>\n
Action.c(110):       </TD>\n
Action.c(110):     </TR>\n
Action.c(110):     \n
Action.c(110):     <TR bgcolor="#EFF2F7">\n
Action.c(110):       <TD COLSPAN="4">\n
Action.c(110):       <hr/>\n
Action.c(110):       </TD>\n
Action.c(110):     </TR>\n
Action.c(110):     \n
Action.c(110):     <!-- Flight #1 -->\n
Action.c(110):     <TR bgcolor="#EFF2F7">\n
Action.c(110):       <TD width="5%" rowspan="2" align="left" valign="top">\n
Action.c(110):     <b>\n
Action.c(110):     <label><input type="checkbox" name="52" value="on" /></label></font></b>\n
Action.c(110):     <input type="hidden" name="flightID" value="885511-400-LL"  />\n
Action.c(110):       </TD>\n
Action.c(110):       <TD width="45%" valign="top">\n
Action.c(110):           <b>&nbsp;&nbsp;3 First class tickets for :</b><br/>\n
Action.c(110):           <center><table border="0" width="85%"><tr><td>\n
Action.c(110):           <li><i>LunaLovegood      <li><i>LunaLovegood      <li><i>LunaLovegood\n
Action.c(110):           <li><i></i>\n
Action.c(110):           </td></tr></table></center>\n
Action.c(110):       </TD>\n
Action.c(110):       <TD width="5%" >.<br/>.<br/>.<br/>.</TD>\n
Action.c(110):       <TD width="45%" valign=top><b>Invoice sent to:</b><br/>\n
Action.c(110):           <center>\n
Action.c(110):           <Table width="80%" cellspacing="0" > <tr> <td>\n
Action.c(110):               Luna Lovegood\n
Action.c(110):     <br/>\n
Action.c(110):               Ottery<br/>\n
Action.c(110):               Devonian<br/>\n
Action.c(110):               <br/>\n
Action.c(110):               Total Charge: $ 0 <BR/> (CC: x-2390)\n
Action.c(110):           </td> </tr> </table>\n
Action.c(110):           </center>\n
Action.c(110):       </TD>\n
Action.c(110):     </TR>\n
Action.c(110):     <TR bgcolor="#EFF2F7">\n
Action.c(110):       <TD COLSPAN="3">\n
Action.c(110):       <b>Flight Details:</b><BR/>  <center>\n
Action.c(110):       03/04/2023\n
Action.c(110):      :  5pm : Flight 882 leaves Sydney  for Sydney.<br>  </center>\n
Action.c(110):       </TD>\n
Action.c(110):     </TR>\n
Action.c(110):     \n
Action.c(110):     <TR bgcolor="#EFF2F7">\n
Action.c(110):       <TD COLSPAN="4">\n
Action.c(110):       <hr/>\n
Action.c(110):       </TD>\n
Action.c(110):     </TR>\n
Action.c(110):     \n
Action.c(110):     <!-- Flight #1 -->\n
Action.c(110):     <TR bgcolor="#EFF2F7">\n
Action.c(110):       <TD width="5%" rowspan="2" align="left" valign="top">\n
Action.c(110):     <b>\n
Action.c(110):     <label><input type="checkbox" name="53" value="on" /></label></font></b>\n
Action.c(110):     <input type="hidden" name="flightID" value="88554167-40808-LL"  />\n
Action.c(110):       </TD>\n
Action.c(110):       <TD width="45%" valign="top">\n
Action.c(110):           <b>&nbsp;&nbsp;A Business class ticket for :</b><br/>\n
Action.c(110):           <center><table border="0" width="85%"><tr><td>\n
Action.c(110):           <li><i>LunaLovegood\n
Action.c(110):           <li><i></i>\n
Action.c(110):           </td></tr></table></center>\n
Action.c(110):       </TD>\n
Action.c(110):       <TD width="5%" >.<br/>.<br/>.<br/>.</TD>\n
Action.c(110):       <TD width="45%" valign=top><b>Invoice sent to:</b><br/>\n
Action.c(110):           <center>\n
Action.c(110):           <Table width="80%" cellspacing="0" > <tr> <td>\n
Action.c(110):               Luna Lovegood\n
Action.c(110):     <br/>\n
Action.c(110):               Ottery<br/>\n
Action.c(110):               Devonian<br/>\n
Action.c(110):               <br/>\n
Action.c(110):               Total Charge: $ 515 <BR/> (CC: x-2390)\n
Action.c(110):           </td> </tr> </table>\n
Action.c(110):           </center>\n
Action.c(110):       </TD>\n
Action.c(110):     </TR>\n
Action.c(110):     <TR bgcolor="#EFF2F7">\n
Action.c(110):       <TD COLSPAN="3">\n
Action.c(110):       <b>Flight Details:</b><BR/>  <center>\n
Action.c(110):       03/04/2023\n
Action.c(110):      :  5pm : Flight 962 leaves Zurich  for San Francisco.<br>  </center>\n
Action.c(110):       </TD>\n
Action.c(110):     </TR>\n
Action.c(110):     \n
Action.c(110):     <TR bgcolor="#EFF2F7">\n
Action.c(110):       <TD COLSPAN="4">\n
Action.c(110):       <hr/>\n
Action.c(110):       </TD>\n
Action.c(110):     </TR>\n
Action.c(110):     <TR>\n
Action.c(110):        <TD align="center" COLSPAN="4">\n
Action.c(110):        <b>A total of 53 scheduled flights.</font></b>\n
Action.c(110):        </TD>\n
Action.c(110):     </TR>\n
Action.c(110):     </TABLE>\n
Action.c(110):     \n
Action.c(110):     <TABLE WIDTH="87%" BORDER="0" CELLSPACING="0">\n
Action.c(110):     <TR>\n
Action.c(110):     <TD align="left" width="50%" >\n
Action.c(110):     <input type="image" na
Action.c(110): t=3978028ms: 7-byte chunked response overhead for "http://localhost:1080/cgi-bin/itinerary.pl" (RelFrameId=1, Internal ID=767)
Action.c(110):     \r\n
Action.c(110):     bc2\r\n
Action.c(110): t=3978028ms: 2-byte chunked response overhead for "http://localhost:1080/cgi-bin/itinerary.pl" (RelFrameId=1, Internal ID=767)
Action.c(110):     \r\n
Action.c(110): t=3978028ms: 3083-byte chunked response body for "http://localhost:1080/cgi-bin/itinerary.pl" (RelFrameId=1, Internal ID=767)
Action.c(110):     me="removeFlights" src="/WebTours/images/cancelreservation.gif" border="0" /></TD>\n
Action.c(110):     <TD align="right" width="50%" >\n
Action.c(110):     <input type="image" name="removeAllFlights" src="/WebTours/images/cancelallreservations.gi
Action.c(110):     f" border="0" /></TD>\n
Action.c(110):     </TABLE>\n
Action.c(110):     \n
Action.c(110):     <div><input type="hidden" name=".cgifields" value="33"  /><input type="hidden" name=".cgif
Action.c(110):     ields" value="32"  /><input type="hidden" name=".cgifields" value="21"  /><input type="hid
Action.c(110):     den" name=".cgifields" value="7"  /><input type="hidden" name=".cgifields" value="26"  /><
Action.c(110):     input type="hidden" name=".cgifields" value="17"  /><input type="hidden" name=".cgifields"
Action.c(110):      value="2"  /><input type="hidden" name=".cgifields" value="1"  /><input type="hidden" nam
Action.c(110):     e=".cgifields" value="18"  /><input type="hidden" name=".cgifields" value="30"  /><input t
Action.c(110):     ype="hidden" name=".cgifields" value="16"  /><input type="hidden" name=".cgifields" value=
Action.c(110):     "44"  /><input type="hidden" name=".cgifields" value="27"  /><input type="hidden" name=".c
Action.c(110):     gifields" value="25"  /><input type="hidden" name=".cgifields" value="28"  /><input type="
Action.c(110):     hidden" name=".cgifields" value="40"  /><input type="hidden" name=".cgifields" value="20" 
Action.c(110):      /><input type="hidden" name=".cgifields" value="14"  /><input type="hidden" name=".cgifie
Action.c(110):     lds" value="49"  /><input type="hidden" name=".cgifields" value="24"  /><input type="hidde
Action.c(110):     n" name=".cgifields" value="10"  /><input type="hidden" name=".cgifields" value="31"  /><i
Action.c(110):     nput type="hidden" name=".cgifields" value="35"  /><input type="hidden" name=".cgifields" 
Action.c(110):     value="11"  /><input type="hidden" name=".cgifields" value="53"  /><input type="hidden" na
Action.c(110):     me=".cgifields" value="48"  /><input type="hidden" name=".cgifields" value="42"  /><input 
Action.c(110):     type="hidden" name=".cgifields" value="22"  /><input type="hidden" name=".cgifields" value
Action.c(110):     ="46"  /><input type="hidden" name=".cgifields" value="13"  /><input type="hidden" name=".
Action.c(110):     cgifields" value="23"  /><input type="hidden" name=".cgifields" value="29"  /><input type=
Action.c(110):     "hidden" name=".cgifields" value="6"  /><input type="hidden" name=".cgifields" value="50" 
Action.c(110):      /><input type="hidden" name=".cgifields" value="39"  /><input type="hidden" name=".cgifie
Action.c(110):     lds" value="36"  /><input type="hidden" name=".cgifields" value="3"  /><input type="hidden
Action.c(110):     " name=".cgifields" value="51"  /><input type="hidden" name=".cgifields" value="9"  /><inp
Action.c(110):     ut type="hidden" name=".cgifields" value="41"  /><input type="hidden" name=".cgifields" va
Action.c(110):     lue="12"  /><input type="hidden" name=".cgifields" value="47"  /><input type="hidden" name
Action.c(110):     =".cgifields" value="15"  /><input type="hidden" name=".cgifields" value="52"  /><input ty
Action.c(110):     pe="hidden" name=".cgifields" value="38"  /><input type="hidden" name=".cgifields" value="
Action.c(110):     8"  /><input type="hidden" name=".cgifields" value="4"  /><input type="hidden" name=".cgif
Action.c(110):     ields" value="34"  /><input type="hidden" name=".cgifields" value="45"  /><input type="hid
Action.c(110):     den" name=".cgifields" value="37"  /><input type="hidden" name=".cgifields" value="43"  />
Action.c(110):     <input type="hidden" name=".cgifields" value="19"  /><input type="hidden" name=".cgifields
Action.c(110):     " value="5"  /></div></form>\n
Action.c(110):     \n
Action.c(110):     </center>\n
Action.c(110):     \n
Action.c(110):     </body>\n
Action.c(110):     </html>
Action.c(110): Resource "http://localhost:1080/WebTours/images/cancelreservation.gif" is in the cache already and will not be downloaded again  	[MsgId: MMSG-26655]
Action.c(110): Resource "http://localhost:1080/WebTours/images/cancelallreservations.gif" is in the cache already and will not be downloaded again  	[MsgId: MMSG-26655]
Action.c(110): t=3978034ms: 5-byte chunked response overhead for "http://localhost:1080/cgi-bin/itinerary.pl" (RelFrameId=1, Internal ID=767)
Action.c(110):     0\r\n
Action.c(110):     \r\n
Action.c(110): t=3978034ms: Request done "http://localhost:1080/cgi-bin/itinerary.pl"  	[MsgId: MMSG-26000]
Action.c(110): Error -26368: "Text=885515610-8144-LL" found for web_reg_find (count=1)  	[MsgId: MERR-26368]
End auto log messages stack.	[MsgId: MMSG-10544]


