Start auto log messages stack - Iteration 1.	[MsgId: MMSG-10545]
Starting action Action.	[MsgId: MMSG-15919]
Action.c(4): Notify: Transaction "UC5_DeletingTicket" started.	[MsgId: MMSG-16999]
Action.c(6): Notify: Transaction "open_site" started.	[MsgId: MMSG-16999]
Action.c(8): web_reg_find started  	[MsgId: MMSG-26355]
Action.c(8): Registering web_reg_find was successful  	[MsgId: MMSG-26390]
Action.c(12): web_set_sockets_option started  	[MsgId: MMSG-26355]
Action.c(12): web_set_sockets_option was successful  	[MsgId: MMSG-26392]
Action.c(14): web_add_auto_header("Sec-Fetch-Dest") started  	[MsgId: MMSG-26355]
Action.c(14): An unrecognized header ("Sec-Fetch-Dest") is being added  	[MsgId: MMSG-26595]
Action.c(14): "Sec-Fetch-Dest: frame" header registered for adding to requests from all following Action functions  	[MsgId: MMSG-26505]
Action.c(14): web_add_auto_header("Sec-Fetch-Dest") was successful  	[MsgId: MMSG-26392]
Action.c(17): web_add_auto_header("Sec-Fetch-Mode") started  	[MsgId: MMSG-26355]
Action.c(17): An unrecognized header ("Sec-Fetch-Mode") is being added  	[MsgId: MMSG-26595]
Action.c(17): "Sec-Fetch-Mode: navigate" header registered for adding to requests from all following Action functions  	[MsgId: MMSG-26505]
Action.c(17): web_add_auto_header("Sec-Fetch-Mode") was successful  	[MsgId: MMSG-26392]
Action.c(20): web_add_auto_header("Sec-Fetch-Site") started  	[MsgId: MMSG-26355]
Action.c(20): An unrecognized header ("Sec-Fetch-Site") is being added  	[MsgId: MMSG-26595]
Action.c(20): "Sec-Fetch-Site: same-origin" header registered for adding to requests from all following Action functions  	[MsgId: MMSG-26505]
Action.c(20): web_add_auto_header("Sec-Fetch-Site") was successful  	[MsgId: MMSG-26392]
Action.c(23): web_add_auto_header("Upgrade-Insecure-Requests") started  	[MsgId: MMSG-26355]
Action.c(23): An unrecognized header ("Upgrade-Insecure-Requests") is being added  	[MsgId: MMSG-26595]
Action.c(23): "Upgrade-Insecure-Requests: 1" header registered for adding to requests from all following Action functions  	[MsgId: MMSG-26505]
Action.c(23): web_add_auto_header("Upgrade-Insecure-Requests") was successful  	[MsgId: MMSG-26392]
Action.c(26): web_add_auto_header("sec-ch-ua") started  	[MsgId: MMSG-26355]
Action.c(26): An unrecognized header ("sec-ch-ua") is being added  	[MsgId: MMSG-26595]
Action.c(26): "sec-ch-ua: "Not?A_Brand";v="8", "Chromium";v="108", "Google Chrome";v="108"" header registered for adding to requests from all following Action functions  	[MsgId: MMSG-26505]
Action.c(26): web_add_auto_header("sec-ch-ua") was successful  	[MsgId: MMSG-26392]
Action.c(29): web_add_auto_header("sec-ch-ua-mobile") started  	[MsgId: MMSG-26355]
Action.c(29): An unrecognized header ("sec-ch-ua-mobile") is being added  	[MsgId: MMSG-26595]
Action.c(29): "sec-ch-ua-mobile: ?0" header registered for adding to requests from all following Action functions  	[MsgId: MMSG-26505]
Action.c(29): web_add_auto_header("sec-ch-ua-mobile") was successful  	[MsgId: MMSG-26392]
Action.c(32): web_add_auto_header("sec-ch-ua-platform") started  	[MsgId: MMSG-26355]
Action.c(32): An unrecognized header ("sec-ch-ua-platform") is being added  	[MsgId: MMSG-26595]
Action.c(32): "sec-ch-ua-platform: "Windows"" header registered for adding to requests from all following Action functions  	[MsgId: MMSG-26505]
Action.c(32): web_add_auto_header("sec-ch-ua-platform") was successful  	[MsgId: MMSG-26392]
Action.c(35): web_url("welcome.pl") started  	[MsgId: MMSG-26355]
Action.c(35): t=16490ms: Connecting [0] to host 127.0.0.1:1080  	[MsgId: MMSG-26000]
Action.c(35): t=16491ms: Connected socket [0] from 127.0.0.1:50891 to 127.0.0.1:1080 in 1 ms  	[MsgId: MMSG-26000]
Action.c(35): t=16491ms: 599-byte request headers for "http://localhost:1080/cgi-bin/welcome.pl?signOff=true" (RelFrameId=1, Internal ID=1)
Action.c(35):     GET /cgi-bin/welcome.pl?signOff=true HTTP/1.1\r\n
Action.c(35):     Referer: http://localhost:1080/WebTours/\r\n
Action.c(35):     Sec-Fetch-Dest: frame\r\n
Action.c(35):     Sec-Fetch-Mode: navigate\r\n
Action.c(35):     Sec-Fetch-Site: same-origin\r\n
Action.c(35):     Upgrade-Insecure-Requests: 1\r\n
Action.c(35):     sec-ch-ua: "Not?A_Brand";v="8", "Chromium";v="108", "Google Chrome";v="108"\r\n
Action.c(35):     sec-ch-ua-mobile: ?0\r\n
Action.c(35):     sec-ch-ua-platform: "Windows"\r\n
Action.c(35):     User-Agent: Mozilla/5.0 (Windows NT 10.0; Win64; x64) AppleWebKit/537.36 (KHTML, like Geck
Action.c(35):     o) Chrome/108.0.0.0 Safari/537.36\r\n
Action.c(35):     Accept-Encoding: gzip, deflate\r\n
Action.c(35):     Accept-Language: ru-RU,ru;q=0.9,en-US;q=0.8,en;q=0.7\r\n
Action.c(35):     Accept: */*\r\n
Action.c(35):     Connection: Keep-Alive\r\n
Action.c(35):     Host: localhost:1080\r\n
Action.c(35):     \r\n
Action.c(35): t=16561ms: 328-byte response headers for "http://localhost:1080/cgi-bin/welcome.pl?signOff=true" (RelFrameId=1, Internal ID=1)
Action.c(35):     HTTP/1.1 200 OK\r\n
Action.c(35):     Date: Thu, 02 Mar 2023 13:28:49 GMT\r\n
Action.c(35):     Server: Apache/2.2.21 (Win32)\r\n
Action.c(35):     Set-Cookie: MSO=SID&1677763729; path=/\r\n
Action.c(35):     Set-Cookie: MTUserInfo=; path=/; expires=Wed, 01-Mar-2023 13:28:49 GMT\r\n
Action.c(35):     Keep-Alive: timeout=5, max=100\r\n
Action.c(35):     Connection: Keep-Alive\r\n
Action.c(35):     Transfer-Encoding: chunked\r\n
Action.c(35):     Content-Type: text/html; charset=ISO-8859-1\r\n
Action.c(35):     \r\n
Action.c(35): t=16561ms: 5-byte chunked response overhead for "http://localhost:1080/cgi-bin/welcome.pl?signOff=true" (RelFrameId=1, Internal ID=1)
Action.c(35):     2ae\r\n
Action.c(35): t=16561ms: 2-byte chunked response overhead for "http://localhost:1080/cgi-bin/welcome.pl?signOff=true" (RelFrameId=1, Internal ID=1)
Action.c(35):     \r\n
Action.c(35): t=16561ms: 686-byte chunked response body for "http://localhost:1080/cgi-bin/welcome.pl?signOff=true" (RelFrameId=1, Internal ID=1)
Action.c(35):     <!-- \n
Action.c(35):      A Session ID has been created and loaded into a cookie called MSO.\n
Action.c(35):      Also, the server options have been loaded into the cookie called\n
Action.c(35):      MSO as well.  The server options can be set via the Admin page.\n
Action.c(35):      --->\n
Action.c(35):     \n
Action.c(35):     <html>\n
Action.c(35):     <title>Web Tours</title>\n
Action.c(35):        <!-- Frame Set -->\n
Action.c(35):        <frameset cols="160,*" border="1" frameborder="1">\n
Action.c(35):           <!-- Navigation Frame -->\n
Action.c(35):           <frame src="nav.pl?in=home" name="navbar" marginheight="2" marginwidth="2" \n
Action.c(35):                 noresize="noresize" scrolling="auto"/>\n
Action.c(35):           <!-- Home Frame -->\n
Action.c(35):           <frame src="/WebTours/home.html" name="info" marginheight="2" marginwidth="2" \n
Action.c(35):                 noresize="noresize" scrolling="auto"/>\n
Action.c(35):        </frameset>\n
Action.c(35):     </html>\n
Action.c(35):     \n
Action.c(35):     </body>\n
Action.c(35):     </html>
Action.c(35): Detected non-resource "http://localhost:1080/cgi-bin/nav.pl?in=home" in "http://localhost:1080/cgi-bin/welcome.pl?signOff=true"  	[MsgId: MMSG-26574]
Action.c(35): Detected non-resource "http://localhost:1080/WebTours/home.html" in "http://localhost:1080/cgi-bin/welcome.pl?signOff=true"  	[MsgId: MMSG-26574]
Action.c(35): t=16562ms: Connecting [1] to host 127.0.0.1:1080  	[MsgId: MMSG-26000]
Action.c(35): t=16562ms: Connecting [2] to host 127.0.0.1:1080  	[MsgId: MMSG-26000]
Action.c(35): t=16563ms: Connected socket [1] from 127.0.0.1:50892 to 127.0.0.1:1080 in 1 ms  	[MsgId: MMSG-26000]
Action.c(35): t=16563ms: 640-byte request headers for "http://localhost:1080/cgi-bin/nav.pl?in=home" (RelFrameId=1.1, Internal ID=2)
Action.c(35):     GET /cgi-bin/nav.pl?in=home HTTP/1.1\r\n
Action.c(35):     Referer: http://localhost:1080/cgi-bin/welcome.pl?signOff=true\r\n
Action.c(35):     Sec-Fetch-Dest: frame\r\n
Action.c(35):     Sec-Fetch-Mode: navigate\r\n
Action.c(35):     Sec-Fetch-Site: same-origin\r\n
Action.c(35):     Upgrade-Insecure-Requests: 1\r\n
Action.c(35):     sec-ch-ua: "Not?A_Brand";v="8", "Chromium";v="108", "Google Chrome";v="108"\r\n
Action.c(35):     sec-ch-ua-mobile: ?0\r\n
Action.c(35):     sec-ch-ua-platform: "Windows"\r\n
Action.c(35):     User-Agent: Mozilla/5.0 (Windows NT 10.0; Win64; x64) AppleWebKit/537.36 (KHTML, like Geck
Action.c(35):     o) Chrome/108.0.0.0 Safari/537.36\r\n
Action.c(35):     Accept-Encoding: gzip, deflate\r\n
Action.c(35):     Accept-Language: ru-RU,ru;q=0.9,en-US;q=0.8,en;q=0.7\r\n
Action.c(35):     Accept: */*\r\n
Action.c(35):     Connection: Keep-Alive\r\n
Action.c(35):     Host: localhost:1080\r\n
Action.c(35):     Cookie: MSO=SID&1677763729\r\n
Action.c(35):     \r\n
Action.c(35): t=16563ms: Connected socket [2] from 127.0.0.1:50893 to 127.0.0.1:1080 in 1 ms  	[MsgId: MMSG-26000]
Action.c(35): t=16563ms: 636-byte request headers for "http://localhost:1080/WebTours/home.html" (RelFrameId=1.2, Internal ID=3)
Action.c(35):     GET /WebTours/home.html HTTP/1.1\r\n
Action.c(35):     Referer: http://localhost:1080/cgi-bin/welcome.pl?signOff=true\r\n
Action.c(35):     Sec-Fetch-Dest: frame\r\n
Action.c(35):     Sec-Fetch-Mode: navigate\r\n
Action.c(35):     Sec-Fetch-Site: same-origin\r\n
Action.c(35):     Upgrade-Insecure-Requests: 1\r\n
Action.c(35):     sec-ch-ua: "Not?A_Brand";v="8", "Chromium";v="108", "Google Chrome";v="108"\r\n
Action.c(35):     sec-ch-ua-mobile: ?0\r\n
Action.c(35):     sec-ch-ua-platform: "Windows"\r\n
Action.c(35):     User-Agent: Mozilla/5.0 (Windows NT 10.0; Win64; x64) AppleWebKit/537.36 (KHTML, like Geck
Action.c(35):     o) Chrome/108.0.0.0 Safari/537.36\r\n
Action.c(35):     Accept-Encoding: gzip, deflate\r\n
Action.c(35):     Accept-Language: ru-RU,ru;q=0.9,en-US;q=0.8,en;q=0.7\r\n
Action.c(35):     Accept: */*\r\n
Action.c(35):     Connection: Keep-Alive\r\n
Action.c(35):     Host: localhost:1080\r\n
Action.c(35):     Cookie: MSO=SID&1677763729\r\n
Action.c(35):     \r\n
Action.c(35): t=16566ms: 300-byte response headers for "http://localhost:1080/WebTours/home.html" (RelFrameId=1.2, Internal ID=3)
Action.c(35):     HTTP/1.1 200 OK\r\n
Action.c(35):     Date: Thu, 02 Mar 2023 13:28:49 GMT\r\n
Action.c(35):     Server: Apache/2.2.21 (Win32)\r\n
Action.c(35):     Last-Modified: Mon, 27 May 2013 11:20:22 GMT\r\n
Action.c(35):     ETag: "4c00000000cbcf-551-4ddb1559ac980"\r\n
Action.c(35):     Accept-Ranges: bytes\r\n
Action.c(35):     Content-Length: 1361\r\n
Action.c(35):     Keep-Alive: timeout=5, max=100\r\n
Action.c(35):     Connection: Keep-Alive\r\n
Action.c(35):     Content-Type: text/html\r\n
Action.c(35):     \r\n
Action.c(35): t=16566ms: 1361-byte response body for "http://localhost:1080/WebTours/home.html" (RelFrameId=1.2, Internal ID=3)
Action.c(35):     <HTML>\n
Action.c(35):     <HEAD>\n
Action.c(35):     \t<title>Web Tours</title>\n
Action.c(35):     </HEAD>\n
Action.c(35):     <style>\n
Action.c(35):     \tblockquote {font-family: tahoma; font-size : 10pt}\n
Action.c(35):     \tH1 {font-family: tahoma; font-size : 22pt; color: #003366}\n
Action.c(35):     \tsmall {font-family: tahoma; font-size : 8pt}\n
Action.c(35):     \tH3{font-family: tahoma; font-size : 10pt; color: black}\n
Action.c(35):     \tA {FONT-WEIGHT: bold; FONT-SIZE: 10pt; COLOR: black; FONT-FAMILY: Tahoma; TEXT-DECORATIO
Action.c(35):     N: none}\n
Action.c(35):     \tA:hover{ FONT-WEIGHT: bold; FONT-SIZE: 10pt; COLOR: #993333; FONT-FAMILY: Tahoma;TEXT-DE
Action.c(35):     CORATION: underline}\n
Action.c(35):     \tTD {font-family: tahoma; font-size : 10pt; color: black}\n
Action.c(35):     </style>\n
Action.c(35):     <body bgcolor="#e0e7f1">\n
Action.c(35):     <BR/>\n
Action.c(35):     <BR/>\n
Action.c(35):     <BR/>\n
Action.c(35):     <br/>\n
Action.c(35):     <table border="0">\n
Action.c(35):     <tr><td></td></tr>\n
Action.c(35):     <TR><TD></TD></TR>\n
Action.c(35):     <TR><TD>\n
Action.c(35):     <blockquote>\n
Action.c(35):     <H1><b>Web Tours</b></H1>\n
Action.c(35):     Welcome to the Web Tours site.\n
Action.c(35):     <br/>\n
Action.c(35):     To make reservations,please enter your account information to the left.\n
Action.c(35):     <br/>\n
Action.c(35):     If you haven't registered yet, <A href="/cgi-bin/login.pl?username=&amp;password=&amp;getI
Action.c(35):     nfo=true" ><B>sign up now</B></A> to get access to all our resources.\n
Action.c(35):     <br/>\n
Action.c(35):     To configure the server options, use <A href="/cgi-bin/admin.pl" target="body" ><b>adminis
Action.c(35):     tration</b></A> link.\n
Action.c(35):     <br/><br/><br/><br/><br/><br/>\n
Action.c(35):     <br/><small>\n
Action.c(35):     This product uses parts of the SMT Kernel, Copyright (c) 1991-99 <A href="http://www.imati
Action.c(35):     x.com" target="new"><B><small>iMatix Corporation</small></B></A> \n
Action.c(35):     </small>\n
Action.c(35):     </blockquote></TD>\n
Action.c(35):     <TD></TD></TR>\n
Action.c(35):     </table>\n
Action.c(35):     </body>\n
Action.c(35):     </HTML>\n
Action.c(35): t=16567ms: Request done "http://localhost:1080/WebTours/home.html"  	[MsgId: MMSG-26000]
Action.c(35): t=16567ms: 5-byte chunked response overhead for "http://localhost:1080/cgi-bin/welcome.pl?signOff=true" (RelFrameId=1, Internal ID=1)
Action.c(35):     0\r\n
Action.c(35):     \r\n
Action.c(35): t=16567ms: Request done "http://localhost:1080/cgi-bin/welcome.pl?signOff=true"  	[MsgId: MMSG-26000]
Action.c(35): t=16632ms: 256-byte response headers for "http://localhost:1080/cgi-bin/nav.pl?in=home" (RelFrameId=1.1, Internal ID=2)
Action.c(35):     HTTP/1.1 200 OK\r\n
Action.c(35):     Date: Thu, 02 Mar 2023 13:28:49 GMT\r\n
Action.c(35):     Server: Apache/2.2.21 (Win32)\r\n
Action.c(35):     Expires: Wed, 01 Mar 2023 13:28:49 GMT\r\n
Action.c(35):     Keep-Alive: timeout=5, max=100\r\n
Action.c(35):     Connection: Keep-Alive\r\n
Action.c(35):     Transfer-Encoding: chunked\r\n
Action.c(35):     Content-Type: text/html; charset=ISO-8859-1\r\n
Action.c(35):     \r\n
Action.c(35): t=16632ms: 5-byte chunked response overhead for "http://localhost:1080/cgi-bin/nav.pl?in=home" (RelFrameId=1.1, Internal ID=2)
Action.c(35):     5d2\r\n
Action.c(35): t=16633ms: 2-byte chunked response overhead for "http://localhost:1080/cgi-bin/nav.pl?in=home" (RelFrameId=1.1, Internal ID=2)
Action.c(35):     \r\n
Action.c(35): t=16633ms: 1490-byte chunked response body for "http://localhost:1080/cgi-bin/nav.pl?in=home" (RelFrameId=1.1, Internal ID=2)
Action.c(35):     <!DOCTYPE html\n
Action.c(35):     \tPUBLIC "-//W3C//DTD XHTML 1.0 Transitional//EN"\n
Action.c(35):     \t "http://www.w3.org/TR/xhtml1/DTD/xhtml1-transitional.dtd">\n
Action.c(35):     <html xmlns="http://www.w3.org/1999/xhtml" lang="en-US" xml:lang="en-US">\n
Action.c(35):     <head>\n
Action.c(35):     <title>Web Tours Navigation Bar</title>\n
Action.c(35):     <meta http-equiv="Content-Type" content="text/html; charset=iso-8859-1" />\n
Action.c(35):     </head>\n
Action.c(35):     <body bgcolor="#E0E7F1">\n
Action.c(35):     <style>\n
Action.c(35):     blockquote {font-family: tahoma; font-size : 10pt}\n
Action.c(35):     H1 {font-family: tahoma; font-size : 22pt; color: #993333}\n
Action.c(35):     H3 {font-family: tahoma; font-size : 10pt; color: black}\n
Action.c(35):     small {font-family: tahoma; font-size : 8pt}\n
Action.c(35):     </style>\n
Action.c(35):     <form method="post" action="/cgi-bin/login.pl" target="body">\n
Action.c(35):     <input type="hidden" name="userSession" value="135906.336897529zQQAzicpcAtVzzzHtVQttpAQDcc
Action.c(35):     f"/>\n
Action.c(35):     <table border="0"><tr><td>&nbsp;</td>\n
Action.c(35):     <td>&nbsp;</td></tr>\n
Action.c(35):     <tr><td>&nbsp;</td>\n
Action.c(35):     <td>&nbsp;</td></tr>\n
Action.c(35):     <tr><td>&nbsp;</td>\n
Action.c(35):     <td><small>&nbsp;Username</small></td></tr>\n
Action.c(35):     <tr><td>&nbsp;</td>\n
Action.c(35):     <td><input type="text" name="username" value="" size="14" maxlength="14"/></td></tr>\n
Action.c(35):     <tr><td>&nbsp;</td>\n
Action.c(35):     <td><small>&nbsp;Password</small></td>\n
Action.c(35):     <tr><td>&nbsp;</td>\n
Action.c(35):     <td><input type="password" name="password" value="" size="14" maxlength="14"/></td></tr>\n
Action.c(35):     <tr><td>&nbsp;</td>\n
Action.c(35):     <td>&nbsp;</td></tr>\n
Action.c(35):     <tr><td>&nbsp;</td>\n
Action.c(35):     <td><input type="image" name="login" value="Login" alt="Login" border="1" \n
Action.c(35):     src="/WebTours/images/mer_login.gif"/></td></tr>\n
Action.c(35):     <tr><td>&nbsp;</td><td>&nbsp;</td></tr>\n
Action.c(35):     </table><input type="hidden" name="JSFormSubmit" value="off"/>\n
Action.c(35):     </form>\n
Action.c(35):     \n
Action.c(35):     </body>\n
Action.c(35):     </html>\n
Action.c(35): Found resource "http://localhost:1080/WebTours/images/mer_login.gif" in HTML "http://localhost:1080/cgi-bin/nav.pl?in=home"  	[MsgId: MMSG-26659]
Action.c(35): t=16636ms: Already connected [0] to localhost:1080  	[MsgId: MMSG-26000]
Action.c(35): t=16636ms: 638-byte request headers for "http://localhost:1080/WebTours/images/mer_login.gif" (RelFrameId=, Internal ID=4)
Action.c(35):     GET /WebTours/images/mer_login.gif HTTP/1.1\r\n
Action.c(35):     Referer: http://localhost:1080/cgi-bin/nav.pl?in=home\r\n
Action.c(35):     Sec-Fetch-Dest: frame\r\n
Action.c(35):     Sec-Fetch-Mode: navigate\r\n
Action.c(35):     Sec-Fetch-Site: same-origin\r\n
Action.c(35):     Upgrade-Insecure-Requests: 1\r\n
Action.c(35):     sec-ch-ua: "Not?A_Brand";v="8", "Chromium";v="108", "Google Chrome";v="108"\r\n
Action.c(35):     sec-ch-ua-mobile: ?0\r\n
Action.c(35):     sec-ch-ua-platform: "Windows"\r\n
Action.c(35):     User-Agent: Mozilla/5.0 (Windows NT 10.0; Win64; x64) AppleWebKit/537.36 (KHTML, like Geck
Action.c(35):     o) Chrome/108.0.0.0 Safari/537.36\r\n
Action.c(35):     Accept-Encoding: gzip, deflate\r\n
Action.c(35):     Accept-Language: ru-RU,ru;q=0.9,en-US;q=0.8,en;q=0.7\r\n
Action.c(35):     Accept: */*\r\n
Action.c(35):     Connection: Keep-Alive\r\n
Action.c(35):     Host: localhost:1080\r\n
Action.c(35):     Cookie: MSO=SID&1677763729\r\n
Action.c(35):     \r\n
Action.c(35): t=16637ms: 5-byte chunked response overhead for "http://localhost:1080/cgi-bin/nav.pl?in=home" (RelFrameId=1.1, Internal ID=2)
Action.c(35):     0\r\n
Action.c(35):     \r\n
Action.c(35): t=16637ms: Request done "http://localhost:1080/cgi-bin/nav.pl?in=home"  	[MsgId: MMSG-26000]
Action.c(35): t=16638ms: 298-byte response headers for "http://localhost:1080/WebTours/images/mer_login.gif" (RelFrameId=, Internal ID=4)
Action.c(35):     HTTP/1.1 200 OK\r\n
Action.c(35):     Date: Thu, 02 Mar 2023 13:28:49 GMT\r\n
Action.c(35):     Server: Apache/2.2.21 (Win32)\r\n
Action.c(35):     Last-Modified: Thu, 12 Jan 2012 13:30:28 GMT\r\n
Action.c(35):     ETag: "4d00000000cc02-2a7-4b654c0620500"\r\n
Action.c(35):     Accept-Ranges: bytes\r\n
Action.c(35):     Content-Length: 679\r\n
Action.c(35):     Keep-Alive: timeout=5, max=99\r\n
Action.c(35):     Connection: Keep-Alive\r\n
Action.c(35):     Content-Type: image/gif\r\n
Action.c(35):     \r\n
Action.c(35): t=16638ms: 679-byte response body for "http://localhost:1080/WebTours/images/mer_login.gif" (RelFrameId=, Internal ID=4)
Action.c(35): t=16638ms: Request done "http://localhost:1080/WebTours/images/mer_login.gif"  	[MsgId: MMSG-26000]
Action.c(35): Registered web_reg_find successful for "Text=Welcome to the Web Tours site." (count=1)  	[MsgId: MMSG-26364]
Action.c(35): web_url("welcome.pl") was successful, 4216 body bytes, 1182 header bytes, 24 chunking overhead bytes  	[MsgId: MMSG-26385]
Action.c(44): Notify: Transaction "open_site" ended with a "Pass" status (Duration: 0,1504 Wasted Time: 0,0000).	[MsgId: MMSG-16871]
Action.c(46): Notify: Transaction "login" started.	[MsgId: MMSG-16999]
Action.c(48): web_reg_find started  	[MsgId: MMSG-26355]
Action.c(48): Notify: Parameter Substitution: parameter "login" =  "ronald"	[MsgId: MMSG-13992]
Action.c(48): Registering web_reg_find was successful  	[MsgId: MMSG-26390]
Action.c(52): web_add_header("Origin") started  	[MsgId: MMSG-26355]
Action.c(52): An unrecognized header ("Origin") is being added  	[MsgId: MMSG-26595]
Action.c(52): "Origin: http://localhost:1080" header registered for adding to requests from the immediately following Action function  	[MsgId: MMSG-26506]
Action.c(52): web_add_header("Origin") was successful  	[MsgId: MMSG-26392]
Action.c(55): web_add_auto_header("Sec-Fetch-User") started  	[MsgId: MMSG-26355]
Action.c(55): An unrecognized header ("Sec-Fetch-User") is being added  	[MsgId: MMSG-26595]
Action.c(55): "Sec-Fetch-User: ?1" header registered for adding to requests from all following Action functions  	[MsgId: MMSG-26505]
Action.c(55): web_add_auto_header("Sec-Fetch-User") was successful  	[MsgId: MMSG-26392]
Action.c(58): Think time - Waiting 5,00 seconds (according to limit).	[MsgId: MMSG-15946]
Action.c(58): lr_think_time: 5,00 seconds (recorded think time was 6,00 seconds).	[MsgId: MMSG-15947]
Action.c(60): web_submit_form("login.pl") started  	[MsgId: MMSG-26355]
Action.c(60): Notify: Parameter Substitution: parameter "login" =  "ronald"	[MsgId: MMSG-13992]
Action.c(60): Notify: Next row for parameter password = 1 [table  = password].	[MsgId: MMSG-13876]
Action.c(60): Notify: Parameter Substitution: parameter "password" =  "roland"	[MsgId: MMSG-13992]
Action.c(60): Submitting form to "http://localhost:1080/cgi-bin/login.pl", Target Frame="body"  	[MsgId: MMSG-27978]
Action.c(60): t=21651ms: Closed connection [0] to localhost:1080 after completing 2 request(s)  	[MsgId: MMSG-26000]
Action.c(60): t=21651ms: Connecting [0] to host 127.0.0.1:1080  	[MsgId: MMSG-26000]
Action.c(60): t=21652ms: Connected socket [0] from 127.0.0.1:50899 to 127.0.0.1:1080 in 1 ms  	[MsgId: MMSG-26000]
Action.c(60): t=21652ms: 747-byte request headers for "http://localhost:1080/cgi-bin/login.pl" (RelFrameId=1, Internal ID=5)
Action.c(60):     POST /cgi-bin/login.pl HTTP/1.1\r\n
Action.c(60):     Content-Type: application/x-www-form-urlencoded\r\n
Action.c(60):     Referer: http://localhost:1080/cgi-bin/nav.pl?in=home\r\n
Action.c(60):     Origin: http://localhost:1080\r\n
Action.c(60):     Sec-Fetch-Dest: frame\r\n
Action.c(60):     Sec-Fetch-Mode: navigate\r\n
Action.c(60):     Sec-Fetch-Site: same-origin\r\n
Action.c(60):     Upgrade-Insecure-Requests: 1\r\n
Action.c(60):     sec-ch-ua: "Not?A_Brand";v="8", "Chromium";v="108", "Google Chrome";v="108"\r\n
Action.c(60):     sec-ch-ua-mobile: ?0\r\n
Action.c(60):     sec-ch-ua-platform: "Windows"\r\n
Action.c(60):     Sec-Fetch-User: ?1\r\n
Action.c(60):     User-Agent: Mozilla/5.0 (Windows NT 10.0; Win64; x64) AppleWebKit/537.36 (KHTML, like Geck
Action.c(60):     o) Chrome/108.0.0.0 Safari/537.36\r\n
Action.c(60):     Accept-Encoding: gzip, deflate\r\n
Action.c(60):     Accept-Language: ru-RU,ru;q=0.9,en-US;q=0.8,en;q=0.7\r\n
Action.c(60):     Accept: */*\r\n
Action.c(60):     Connection: Keep-Alive\r\n
Action.c(60):     Host: localhost:1080\r\n
Action.c(60):     Cookie: MSO=SID&1677763729\r\n
Action.c(60):     Content-Length: 105\r\n
Action.c(60):     \r\n
Action.c(60): t=21652ms: 105-byte request body for "http://localhost:1080/cgi-bin/login.pl" (RelFrameId=1, Internal ID=5)
Action.c(60):     userSession=135906.336897529zQQAzicpcAtVzzzHtVQttpAQDccf&username=ronald&password=roland&J
Action.c(60):     SFormSubmit=off
Action.c(60): t=21653ms: Inactive socket [2] was closed by localhost:1080, probably due to Keep-Alive timeout  	[MsgId: MMSG-26000]
Action.c(60): t=21653ms: Closed connection [2] to localhost:1080 after completing 1 request(s)  	[MsgId: MMSG-26000]
Action.c(60): t=21698ms: Inactive socket [1] was closed by localhost:1080, probably due to Keep-Alive timeout  	[MsgId: MMSG-26000]
Action.c(60): t=21698ms: Closed connection [1] to localhost:1080 after completing 1 request(s)  	[MsgId: MMSG-26000]
Action.c(60): t=21725ms: 229-byte response headers for "http://localhost:1080/cgi-bin/login.pl" (RelFrameId=1, Internal ID=5)
Action.c(60):     HTTP/1.1 200 OK\r\n
Action.c(60):     Date: Thu, 02 Mar 2023 13:28:54 GMT\r\n
Action.c(60):     Server: Apache/2.2.21 (Win32)\r\n
Action.c(60):     Expires: 5s\r\n
Action.c(60):     Keep-Alive: timeout=5, max=100\r\n
Action.c(60):     Connection: Keep-Alive\r\n
Action.c(60):     Transfer-Encoding: chunked\r\n
Action.c(60):     Content-Type: text/html; charset=ISO-8859-1\r\n
Action.c(60):     \r\n
Action.c(60): t=21725ms: 5-byte chunked response overhead for "http://localhost:1080/cgi-bin/login.pl" (RelFrameId=1, Internal ID=5)
Action.c(60):     1c8\r\n
Action.c(60): t=21725ms: 2-byte chunked response overhead for "http://localhost:1080/cgi-bin/login.pl" (RelFrameId=1, Internal ID=5)
Action.c(60):     \r\n
Action.c(60): t=21725ms: 456-byte chunked response body for "http://localhost:1080/cgi-bin/login.pl" (RelFrameId=1, Internal ID=5)
Action.c(60):     <!--\n
Action.c(60):     User password was incorrect.  Prompt the user to fix password or sign-up...\n
Action.c(60):     --->\n
Action.c(60):     \n
Action.c(60):     <html>\n
Action.c(60):     <title>Web Tours</title>\n
Action.c(60):     <frameset cols="160,*" border=1 frameborder=1>\n
Action.c(60):     <frame src="nav.pl?username=ronald&password=roland" name="navbar" marginheight="2" marginw
Action.c(60):     idth="2" noresize="noresize" scrolling="auto"/>\n
Action.c(60):     <frame src="error.pl?error=badPassword" name="info" marginheight="2" marginwidth="2" nores
Action.c(60):     ize="noresize" scrolling="auto"/>\n
Action.c(60):     </frameset>\n
Action.c(60):     \n
Action.c(60):     </body>\n
Action.c(60):     </html>
Action.c(60): Detected non-resource "http://localhost:1080/cgi-bin/nav.pl?username=ronald&password=roland" in "http://localhost:1080/cgi-bin/login.pl"  	[MsgId: MMSG-26574]
Action.c(60): Detected non-resource "http://localhost:1080/cgi-bin/error.pl?error=badPassword" in "http://localhost:1080/cgi-bin/login.pl"  	[MsgId: MMSG-26574]
Action.c(60): t=21725ms: Connecting [1] to host 127.0.0.1:1080  	[MsgId: MMSG-26000]
Action.c(60): t=21726ms: Connecting [2] to host 127.0.0.1:1080  	[MsgId: MMSG-26000]
Action.c(60): t=21727ms: Connected socket [1] from 127.0.0.1:50900 to 127.0.0.1:1080 in 2 ms  	[MsgId: MMSG-26000]
Action.c(60): t=21727ms: 700-byte request headers for "http://localhost:1080/cgi-bin/nav.pl?username=ronald&password=roland" (RelFrameId=1.1, Internal ID=6)
Action.c(60):     GET /cgi-bin/nav.pl?username=ronald&password=roland HTTP/1.1\r\n
Action.c(60):     Referer: http://localhost:1080/cgi-bin/login.pl\r\n
Action.c(60):     Origin: http://localhost:1080\r\n
Action.c(60):     Sec-Fetch-Dest: frame\r\n
Action.c(60):     Sec-Fetch-Mode: navigate\r\n
Action.c(60):     Sec-Fetch-Site: same-origin\r\n
Action.c(60):     Upgrade-Insecure-Requests: 1\r\n
Action.c(60):     sec-ch-ua: "Not?A_Brand";v="8", "Chromium";v="108", "Google Chrome";v="108"\r\n
Action.c(60):     sec-ch-ua-mobile: ?0\r\n
Action.c(60):     sec-ch-ua-platform: "Windows"\r\n
Action.c(60):     Sec-Fetch-User: ?1\r\n
Action.c(60):     User-Agent: Mozilla/5.0 (Windows NT 10.0; Win64; x64) AppleWebKit/537.36 (KHTML, like Geck
Action.c(60):     o) Chrome/108.0.0.0 Safari/537.36\r\n
Action.c(60):     Accept-Encoding: gzip, deflate\r\n
Action.c(60):     Accept-Language: ru-RU,ru;q=0.9,en-US;q=0.8,en;q=0.7\r\n
Action.c(60):     Accept: */*\r\n
Action.c(60):     Connection: Keep-Alive\r\n
Action.c(60):     Host: localhost:1080\r\n
Action.c(60):     Cookie: MSO=SID&1677763729\r\n
Action.c(60):     \r\n
Action.c(60): t=21728ms: Connected socket [2] from 127.0.0.1:50901 to 127.0.0.1:1080 in 2 ms  	[MsgId: MMSG-26000]
Action.c(60): t=21728ms: 688-byte request headers for "http://localhost:1080/cgi-bin/error.pl?error=badPassword" (RelFrameId=1.2, Internal ID=7)
Action.c(60):     GET /cgi-bin/error.pl?error=badPassword HTTP/1.1\r\n
Action.c(60):     Referer: http://localhost:1080/cgi-bin/login.pl\r\n
Action.c(60):     Origin: http://localhost:1080\r\n
Action.c(60):     Sec-Fetch-Dest: frame\r\n
Action.c(60):     Sec-Fetch-Mode: navigate\r\n
Action.c(60):     Sec-Fetch-Site: same-origin\r\n
Action.c(60):     Upgrade-Insecure-Requests: 1\r\n
Action.c(60):     sec-ch-ua: "Not?A_Brand";v="8", "Chromium";v="108", "Google Chrome";v="108"\r\n
Action.c(60):     sec-ch-ua-mobile: ?0\r\n
Action.c(60):     sec-ch-ua-platform: "Windows"\r\n
Action.c(60):     Sec-Fetch-User: ?1\r\n
Action.c(60):     User-Agent: Mozilla/5.0 (Windows NT 10.0; Win64; x64) AppleWebKit/537.36 (KHTML, like Geck
Action.c(60):     o) Chrome/108.0.0.0 Safari/537.36\r\n
Action.c(60):     Accept-Encoding: gzip, deflate\r\n
Action.c(60):     Accept-Language: ru-RU,ru;q=0.9,en-US;q=0.8,en;q=0.7\r\n
Action.c(60):     Accept: */*\r\n
Action.c(60):     Connection: Keep-Alive\r\n
Action.c(60):     Host: localhost:1080\r\n
Action.c(60):     Cookie: MSO=SID&1677763729\r\n
Action.c(60):     \r\n
Action.c(60): t=21731ms: 5-byte chunked response overhead for "http://localhost:1080/cgi-bin/login.pl" (RelFrameId=1, Internal ID=5)
Action.c(60):     0\r\n
Action.c(60):     \r\n
Action.c(60): t=21731ms: Request done "http://localhost:1080/cgi-bin/login.pl"  	[MsgId: MMSG-26000]
Action.c(60): t=21802ms: 256-byte response headers for "http://localhost:1080/cgi-bin/nav.pl?username=ronald&password=roland" (RelFrameId=1.1, Internal ID=6)
Action.c(60):     HTTP/1.1 200 OK\r\n
Action.c(60):     Date: Thu, 02 Mar 2023 13:28:54 GMT\r\n
Action.c(60):     Server: Apache/2.2.21 (Win32)\r\n
Action.c(60):     Expires: Wed, 01 Mar 2023 13:28:54 GMT\r\n
Action.c(60):     Keep-Alive: timeout=5, max=100\r\n
Action.c(60):     Connection: Keep-Alive\r\n
Action.c(60):     Transfer-Encoding: chunked\r\n
Action.c(60):     Content-Type: text/html; charset=ISO-8859-1\r\n
Action.c(60):     \r\n
Action.c(60): t=21802ms: 5-byte chunked response overhead for "http://localhost:1080/cgi-bin/nav.pl?username=ronald&password=roland" (RelFrameId=1.1, Internal ID=6)
Action.c(60):     5de\r\n
Action.c(60): t=21802ms: 2-byte chunked response overhead for "http://localhost:1080/cgi-bin/nav.pl?username=ronald&password=roland" (RelFrameId=1.1, Internal ID=6)
Action.c(60):     \r\n
Action.c(60): t=21802ms: 1502-byte chunked response body for "http://localhost:1080/cgi-bin/nav.pl?username=ronald&password=roland" (RelFrameId=1.1, Internal ID=6)
Action.c(60):     <!DOCTYPE html\n
Action.c(60):     \tPUBLIC "-//W3C//DTD XHTML 1.0 Transitional//EN"\n
Action.c(60):     \t "http://www.w3.org/TR/xhtml1/DTD/xhtml1-transitional.dtd">\n
Action.c(60):     <html xmlns="http://www.w3.org/1999/xhtml" lang="en-US" xml:lang="en-US">\n
Action.c(60):     <head>\n
Action.c(60):     <title>Web Tours Navigation Bar</title>\n
Action.c(60):     <meta http-equiv="Content-Type" content="text/html; charset=iso-8859-1" />\n
Action.c(60):     </head>\n
Action.c(60):     <body bgcolor="#E0E7F1">\n
Action.c(60):     <style>\n
Action.c(60):     blockquote {font-family: tahoma; font-size : 10pt}\n
Action.c(60):     H1 {font-family: tahoma; font-size : 22pt; color: #993333}\n
Action.c(60):     H3 {font-family: tahoma; font-size : 10pt; color: black}\n
Action.c(60):     small {font-family: tahoma; font-size : 8pt}\n
Action.c(60):     </style>\n
Action.c(60):     <form method="post" action="/cgi-bin/login.pl" target="body">\n
Action.c(60):     <input type="hidden" name="userSession" value="135906.336897529zQQAzicpcAtVzzzHtVQttpAQDcc
Action.c(60):     f"/>\n
Action.c(60):     <table border="0"><tr><td>&nbsp;</td>\n
Action.c(60):     <td>&nbsp;</td></tr>\n
Action.c(60):     <tr><td>&nbsp;</td>\n
Action.c(60):     <td>&nbsp;</td></tr>\n
Action.c(60):     <tr><td>&nbsp;</td>\n
Action.c(60):     <td><small>&nbsp;Username</small></td></tr>\n
Action.c(60):     <tr><td>&nbsp;</td>\n
Action.c(60):     <td><input type="text" name="username" value="ronald" size="14" maxlength="14"/></td></tr>
Action.c(60):     \n
Action.c(60):     <tr><td>&nbsp;</td>\n
Action.c(60):     <td><small>&nbsp;Password</small></td>\n
Action.c(60):     <tr><td>&nbsp;</td>\n
Action.c(60):     <td><input type="password" name="password" value="roland" size="14" maxlength="14"/></td><
Action.c(60):     /tr>\n
Action.c(60):     <tr><td>&nbsp;</td>\n
Action.c(60):     <td>&nbsp;</td></tr>\n
Action.c(60):     <tr><td>&nbsp;</td>\n
Action.c(60):     <td><input type="image" name="login" value="Login" alt="Login" border="1" \n
Action.c(60):     src="/WebTours/images/mer_login.gif"/></td></tr>\n
Action.c(60):     <tr><td>&nbsp;</td><td>&nbsp;</td></tr>\n
Action.c(60):     </table><input type="hidden" name="JSFormSubmit" value="off"/>\n
Action.c(60):     </form>\n
Action.c(60):     \n
Action.c(60):     </body>\n
Action.c(60):     </html>\n
Action.c(60): Resource "http://localhost:1080/WebTours/images/mer_login.gif" is in the cache already and will not be downloaded again  	[MsgId: MMSG-26655]
Action.c(60): t=21803ms: 216-byte response headers for "http://localhost:1080/cgi-bin/error.pl?error=badPassword" (RelFrameId=1.2, Internal ID=7)
Action.c(60):     HTTP/1.1 200 OK\r\n
Action.c(60):     Date: Thu, 02 Mar 2023 13:28:54 GMT\r\n
Action.c(60):     Server: Apache/2.2.21 (Win32)\r\n
Action.c(60):     Keep-Alive: timeout=5, max=100\r\n
Action.c(60):     Connection: Keep-Alive\r\n
Action.c(60):     Transfer-Encoding: chunked\r\n
Action.c(60):     Content-Type: text/html; charset=ISO-8859-1\r\n
Action.c(60):     \r\n
Action.c(60): t=21803ms: 5-byte chunked response overhead for "http://localhost:1080/cgi-bin/error.pl?error=badPassword" (RelFrameId=1.2, Internal ID=7)
Action.c(60):     406\r\n
Action.c(60): t=21803ms: 2-byte chunked response overhead for "http://localhost:1080/cgi-bin/error.pl?error=badPassword" (RelFrameId=1.2, Internal ID=7)
Action.c(60):     \r\n
Action.c(60): t=21803ms: 1030-byte chunked response body for "http://localhost:1080/cgi-bin/error.pl?error=badPassword" (RelFrameId=1.2, Internal ID=7)
Action.c(60):     <!DOCTYPE html\n
Action.c(60):     \tPUBLIC "-//W3C//DTD XHTML 1.0 Transitional//EN"\n
Action.c(60):     \t "http://www.w3.org/TR/xhtml1/DTD/xhtml1-transitional.dtd">\n
Action.c(60):     <html xmlns="http://www.w3.org/1999/xhtml" lang="en-US" xml:lang="en-US">\n
Action.c(60):     <head>\n
Action.c(60):     <title>Web Tours Error - Incorrect Password</title>\n
Action.c(60):     <meta http-equiv="Content-Type" content="text/html; charset=iso-8859-1" />\n
Action.c(60):     </head>\n
Action.c(60):     <body bgcolor="#E0E7F1">\n
Action.c(60):     <style>blockquote {font-family: tahoma; font-size : 10pt}H1 {font-family: tahoma; font-siz
Action.c(60):     e : 22pt; color: #003366}small {font-family: tahoma; font-size : 8pt}H3 {font-family: taho
Action.c(60):     ma; font-size : 10pt; color: black}TD {font-family: tahoma; font-size : 8pt; color: black}
Action.c(60):     </style><BR><BR><h1>&nbsp;&nbsp;<b>Error</b></h1><blockquote><center><h3><font color=red>W
Action.c(60):     eb Tours Error - Incorrect Password</font></h3></center><blockquote>\n
Action.c(60):     The username/password combination you've entered is invalid.  \n
Action.c(60):      Please double check your entry.  If it still does not work, you might \n
Action.c(60):      need to re-register with our site. <p /> Thank you for your patience.\n
Action.c(60):     </blockquote>\n
Action.c(60):     </body>\n
Action.c(60):     </html>
Action.c(60): t=21806ms: 5-byte chunked response overhead for "http://localhost:1080/cgi-bin/nav.pl?username=ronald&password=roland" (RelFrameId=1.1, Internal ID=6)
Action.c(60):     0\r\n
Action.c(60):     \r\n
Action.c(60): t=21806ms: Request done "http://localhost:1080/cgi-bin/nav.pl?username=ronald&password=roland"  	[MsgId: MMSG-26000]
Action.c(60): t=21806ms: 5-byte chunked response overhead for "http://localhost:1080/cgi-bin/error.pl?error=badPassword" (RelFrameId=1.2, Internal ID=7)
Action.c(60):     0\r\n
Action.c(60):     \r\n
Action.c(60): t=21806ms: Request done "http://localhost:1080/cgi-bin/error.pl?error=badPassword"  	[MsgId: MMSG-26000]
Action.c(60): Error -26366: "Text=Welcome, <b>ronald</b>, to the Web Tours reservation pages." not found for web_reg_find  	[MsgId: MERR-26366]
End auto log messages stack.	[MsgId: MMSG-10544]


